<?xml version="1.0" encoding="utf-8"?><testsuites name="pytest tests"><testsuite name="pytest" errors="0" failures="3" skipped="2" tests="2977" time="1319.350" timestamp="2026-09-11T00:29:27.358762+00:00" hostname="cursor"><testcase classname="tests.cap646.test_batch01_dedicated" name="test_batch01_dedicated_surface_and_success[6]" time="0.722" /><testcase classname="tests.cap646.test_batch01_dedicated" name="test_batch01_dedicated_surface_and_success[7]" time="0.181" /><testcase classname="tests.cap646.test_batch01_dedicated" name="test_batch01_dedicated_surface_and_success[8]" time="0.118" /><testcase classname="tests.cap646.test_batch01_dedicated" name="test_batch01_dedicated_surface_and_success[9]" time="0.105" /><testcase classname="tests.cap646.test_batch01_dedicated" name="test_batch01_dedicated_surface_and_success[11]" time="0.979" /><testcase classname="tests.cap646.test_batch01_dedicated" name="test_batch01_dedicated_surface_and_success[12]" time="0.004" /><testcase classname="tests.cap646.test_batch01_dedicated" name="test_batch01_dedicated_surface_and_success[13]" time="1.375" /><testcase classname="tests.cap646.test_batch01_dedicated" name="test_batch01_dedicated_surface_and_success[14]" time="0.467" /><testcase classname="tests.cap646.test_batch01_dedicated" name="test_batch01_dedicated_surface_and_success[15]" time="0.005" /><testcase classname="tests.cap646.test_batch01_dedicated" name="test_batch01_dedicated_surface_and_success[16]" time="0.643" /><testcase classname="tests.cap646.test_batch01_dedicated" name="test_batch01_dedicated_surface_and_success[17]" time="0.018" /><testcase classname="tests.cap646.test_batch01_dedicated" name="test_batch01_dedicated_surface_and_success[18]" time="0.505" /><testcase classname="tests.cap646.test_batch01_dedicated" name="test_batch01_dedicated_surface_and_success[19]" time="0.001" /><testcase classname="tests.cap646.test_batch01_dedicated" name="test_batch01_dedicated_surface_and_success[20]" time="0.143" /><testcase classname="tests.cap646.test_batch01_dedicated" name="test_batch01_dedicated_surface_and_success[22]" time="0.950" /><testcase classname="tests.cap646.test_batch01_dedicated" name="test_batch01_dedicated_surface_and_success[23]" time="0.159" /><testcase classname="tests.cap646.test_batch01_dedicated" name="test_batch01_dedicated_surface_and_success[24]" time="0.227" /><testcase classname="tests.cap646.test_batch01_dedicated" name="test_batch01_dedicated_surface_and_success[25]" time="0.004" /><testcase classname="tests.cap646.test_batch01_dedicated" name="test_batch01_dedicated_surface_and_success[26]" time="0.603" /><testcase classname="tests.cap646.test_batch01_dedicated" name="test_batch01_dedicated_surface_and_success[27]" time="0.004" /><testcase classname="tests.cap646.test_batch01_dedicated" name="test_batch01_dedicated_surface_and_success[28]" time="2.078" /><testcase classname="tests.cap646.test_batch01_dedicated" name="test_batch01_dedicated_surface_and_success[29]" time="0.009" /><testcase classname="tests.cap646.test_batch01_dedicated" name="test_batch01_dedicated_surface_and_success[30]" time="0.001" /><testcase classname="tests.cap646.test_batch01_dedicated" name="test_batch01_dedicated_surface_and_success[31]" time="0.630" /><testcase classname="tests.cap646.test_batch01_dedicated" name="test_batch01_dedicated_surface_and_success[32]" time="0.623" /><testcase classname="tests.cap646.test_batch01_dedicated" name="test_batch01_dedicated_surface_and_success[33]" time="0.003" /><testcase classname="tests.cap646.test_batch01_dedicated" name="test_batch01_dedicated_surface_and_success[34]" time="0.002" /><testcase classname="tests.cap646.test_batch01_dedicated" name="test_batch01_dedicated_surface_and_success[35]" time="0.602" /><testcase classname="tests.cap646.test_batch01_dedicated" name="test_batch01_dedicated_surface_and_success[36]" time="0.014" /><testcase classname="tests.cap646.test_batch01_dedicated" name="test_batch01_dedicated_surface_and_success[37]" time="0.310" /><testcase classname="tests.cap646.test_batch01_dedicated" name="test_batch01_dedicated_surface_and_success[40]" time="0.188" /><testcase classname="tests.cap646.test_batch01_dedicated" name="test_batch01_dedicated_surface_and_success[41]" time="0.041" /><testcase classname="tests.cap646.test_batch01_dedicated" name="test_batch01_dedicated_surface_and_success[42]" time="0.120" /><testcase classname="tests.cap646.test_batch01_dedicated" name="test_batch01_dedicated_surface_and_success[43]" time="0.002" /><testcase classname="tests.cap646.test_batch01_dedicated" name="test_batch01_dedicated_surface_and_success[44]" time="0.001" /><testcase classname="tests.cap646.test_batch01_dedicated" name="test_batch01_dedicated_surface_and_success[46]" time="0.008" /><testcase classname="tests.cap646.test_batch01_dedicated" name="test_batch01_dedicated_surface_and_success[50]" time="0.623" /><testcase classname="tests.cap646.test_batch01_dedicated" name="test_batch01_dedicated_surface_and_success[55]" time="0.651" /><testcase classname="tests.cap646.test_batch01_dedicated" name="test_batch01_dedicated_surface_and_success[56]" time="0.040" /><testcase classname="tests.cap646.test_batch01_dedicated" name="test_batch01_dedicated_surface_and_success[59]" time="0.202" /><testcase classname="tests.cap646.test_batch01_dedicated" name="test_batch01_dedicated_surface_and_success[60]" time="0.016" /><testcase classname="tests.cap646.test_batch01_dedicated" name="test_batch01_dedicated_surface_and_success[214]" time="0.006" /><testcase classname="tests.cap646.test_batch01_dedicated" name="test_batch01_dedicated_surface_and_success[584]" time="0.001" /><testcase classname="tests.cap646.test_batch01_dedicated" name="test_batch01_dedicated_surface_and_success[629]" time="0.005" /><testcase classname="tests.cap646.test_batch01_dedicated" name="test_batch01_dedicated_direct_execute[6]" time="0.179" /><testcase classname="tests.cap646.test_batch01_dedicated" name="test_batch01_dedicated_direct_execute[7]" time="0.131" /><testcase classname="tests.cap646.test_batch01_dedicated" name="test_batch01_dedicated_direct_execute[8]" time="0.116" /><testcase classname="tests.cap646.test_batch01_dedicated" name="test_batch01_dedicated_direct_execute[9]" time="0.102" /><testcase classname="tests.cap646.test_batch01_dedicated" name="test_batch01_dedicated_direct_execute[11]" time="0.321" /><testcase classname="tests.cap646.test_batch01_dedicated" name="test_batch01_dedicated_direct_execute[12]" time="0.004" /><testcase classname="tests.cap646.test_batch01_dedicated" name="test_batch01_dedicated_direct_execute[13]" time="0.621" /><testcase classname="tests.cap646.test_batch01_dedicated" name="test_batch01_dedicated_direct_execute[14]" time="0.507" /><testcase classname="tests.cap646.test_batch01_dedicated" name="test_batch01_dedicated_direct_execute[15]" time="0.002" /><testcase classname="tests.cap646.test_batch01_dedicated" name="test_batch01_dedicated_direct_execute[16]" time="0.624" /><testcase classname="tests.cap646.test_batch01_dedicated" name="test_batch01_dedicated_direct_execute[17]" time="0.015" /><testcase classname="tests.cap646.test_batch01_dedicated" name="test_batch01_dedicated_direct_execute[18]" time="0.196" /><testcase classname="tests.cap646.test_batch01_dedicated" name="test_batch01_dedicated_direct_execute[19]" time="0.001" /><testcase classname="tests.cap646.test_batch01_dedicated" name="test_batch01_dedicated_direct_execute[20]" time="0.138" /><testcase classname="tests.cap646.test_batch01_dedicated" name="test_batch01_dedicated_direct_execute[22]" time="0.340" /><testcase classname="tests.cap646.test_batch01_dedicated" name="test_batch01_dedicated_direct_execute[23]" time="0.149" /><testcase classname="tests.cap646.test_batch01_dedicated" name="test_batch01_dedicated_direct_execute[24]" time="0.098" /><testcase classname="tests.cap646.test_batch01_dedicated" name="test_batch01_dedicated_direct_execute[25]" time="0.003" /><testcase classname="tests.cap646.test_batch01_dedicated" name="test_batch01_dedicated_direct_execute[26]" time="0.628" /><testcase classname="tests.cap646.test_batch01_dedicated" name="test_batch01_dedicated_direct_execute[27]" time="0.004" /><testcase classname="tests.cap646.test_batch01_dedicated" name="test_batch01_dedicated_direct_execute[28]" time="2.015" /><testcase classname="tests.cap646.test_batch01_dedicated" name="test_batch01_dedicated_direct_execute[29]" time="0.003" /><testcase classname="tests.cap646.test_batch01_dedicated" name="test_batch01_dedicated_direct_execute[30]" time="0.001" /><testcase classname="tests.cap646.test_batch01_dedicated" name="test_batch01_dedicated_direct_execute[31]" time="0.680" /><testcase classname="tests.cap646.test_batch01_dedicated" name="test_batch01_dedicated_direct_execute[32]" time="0.634" /><testcase classname="tests.cap646.test_batch01_dedicated" name="test_batch01_dedicated_direct_execute[33]" time="0.003" /><testcase classname="tests.cap646.test_batch01_dedicated" name="test_batch01_dedicated_direct_execute[34]" time="0.001" /><testcase classname="tests.cap646.test_batch01_dedicated" name="test_batch01_dedicated_direct_execute[35]" time="0.611" /><testcase classname="tests.cap646.test_batch01_dedicated" name="test_batch01_dedicated_direct_execute[36]" time="0.014" /><testcase classname="tests.cap646.test_batch01_dedicated" name="test_batch01_dedicated_direct_execute[37]" time="0.344" /><testcase classname="tests.cap646.test_batch01_dedicated" name="test_batch01_dedicated_direct_execute[40]" time="0.032" /><testcase classname="tests.cap646.test_batch01_dedicated" name="test_batch01_dedicated_direct_execute[41]" time="0.038" /><testcase classname="tests.cap646.test_batch01_dedicated" name="test_batch01_dedicated_direct_execute[42]" time="0.142" /><testcase classname="tests.cap646.test_batch01_dedicated" name="test_batch01_dedicated_direct_execute[43]" time="0.002" /><testcase classname="tests.cap646.test_batch01_dedicated" name="test_batch01_dedicated_direct_execute[44]" time="0.001" /><testcase classname="tests.cap646.test_batch01_dedicated" name="test_batch01_dedicated_direct_execute[46]" time="0.001" /><testcase classname="tests.cap646.test_batch01_dedicated" name="test_batch01_dedicated_direct_execute[50]" time="0.001" /><testcase classname="tests.cap646.test_batch01_dedicated" name="test_batch01_dedicated_direct_execute[55]" time="0.629" /><testcase classname="tests.cap646.test_batch01_dedicated" name="test_batch01_dedicated_direct_execute[56]" time="0.041" /><testcase classname="tests.cap646.test_batch01_dedicated" name="test_batch01_dedicated_direct_execute[59]" time="0.099" /><testcase classname="tests.cap646.test_batch01_dedicated" name="test_batch01_dedicated_direct_execute[60]" time="0.015" /><testcase classname="tests.cap646.test_batch01_dedicated" name="test_batch01_dedicated_direct_execute[214]" time="0.001" /><testcase classname="tests.cap646.test_batch01_dedicated" name="test_batch01_dedicated_direct_execute[584]" time="0.001" /><testcase classname="tests.cap646.test_batch01_dedicated" name="test_batch01_dedicated_direct_execute[629]" time="0.001" /><testcase classname="tests.cap646.test_batch01_dedicated" name="test_cap006_screener_has_ranked_tokens" time="0.282" /><testcase classname="tests.cap646.test_batch01_dedicated" name="test_cap214_watchlists_not_market_probe" time="0.001" /><testcase classname="tests.cap646.test_batch01_dedicated" name="test_cap055_nvt_not_generic_onchain" time="0.659" /><testcase classname="tests.cap646.test_batch01_dedicated" name="test_cap629_wallet_alerts_not_engine_stats" time="0.002" /><testcase classname="tests.cap646.test_batch01_dedicated" name="test_cap029_cross_market_not_market_data" time="0.002" /><testcase classname="tests.cap646.test_batch01_production" name="test_batch01_runtime_production_path[1]" time="0.153" /><testcase classname="tests.cap646.test_batch01_production" name="test_batch01_runtime_production_path[2]" time="1.122" /><testcase classname="tests.cap646.test_batch01_production" name="test_batch01_runtime_production_path[3]" time="0.528" /><testcase classname="tests.cap646.test_batch01_production" name="test_batch01_runtime_production_path[4]" time="0.004" /><testcase classname="tests.cap646.test_batch01_production" name="test_batch01_runtime_production_path[5]" time="0.008" /><testcase classname="tests.cap646.test_batch01_production" name="test_batch01_runtime_production_path[6]" time="0.320" /><testcase classname="tests.cap646.test_batch01_production" name="test_batch01_runtime_production_path[7]" time="0.123" /><testcase classname="tests.cap646.test_batch01_production" name="test_batch01_runtime_production_path[8]" time="0.115" /><testcase classname="tests.cap646.test_batch01_production" name="test_batch01_runtime_production_path[9]" time="0.116" /><testcase classname="tests.cap646.test_batch01_production" name="test_batch01_runtime_production_path[10]" time="0.153" /><testcase classname="tests.cap646.test_batch01_production" name="test_batch01_runtime_production_path[11]" time="0.297" /><testcase classname="tests.cap646.test_batch01_production" name="test_batch01_runtime_production_path[12]" time="0.004" /><testcase classname="tests.cap646.test_batch01_production" name="test_batch01_runtime_production_path[13]" time="0.291" /><testcase classname="tests.cap646.test_batch01_production" name="test_batch01_runtime_production_path[14]" time="0.354" /><testcase classname="tests.cap646.test_batch01_production" name="test_batch01_runtime_production_path[15]" time="0.002" /><testcase classname="tests.cap646.test_batch01_production" name="test_batch01_runtime_production_path[16]" time="0.627" /><testcase classname="tests.cap646.test_batch01_production" name="test_batch01_runtime_production_path[17]" time="0.017" /><testcase classname="tests.cap646.test_batch01_production" name="test_batch01_runtime_production_path[18]" time="0.176" /><testcase classname="tests.cap646.test_batch01_production" name="test_batch01_runtime_production_path[19]" time="0.001" /><testcase classname="tests.cap646.test_batch01_production" name="test_batch01_runtime_production_path[20]" time="0.151" /><testcase classname="tests.cap646.test_batch01_production" name="test_batch01_runtime_production_path[21]" time="0.459" /><testcase classname="tests.cap646.test_batch01_production" name="test_batch01_runtime_production_path[22]" time="0.643" /><testcase classname="tests.cap646.test_batch01_production" name="test_batch01_runtime_production_path[23]" time="0.185" /><testcase classname="tests.cap646.test_batch01_production" name="test_batch01_runtime_production_path[24]" time="0.431" /><testcase classname="tests.cap646.test_batch01_production" name="test_batch01_runtime_production_path[25]" time="0.002" /><testcase classname="tests.cap646.test_batch01_production" name="test_batch01_runtime_production_path[26]" time="0.621" /><testcase classname="tests.cap646.test_batch01_production" name="test_batch01_runtime_production_path[27]" time="0.004" /><testcase classname="tests.cap646.test_batch01_production" name="test_batch01_runtime_production_path[28]" time="1.998" /><testcase classname="tests.cap646.test_batch01_production" name="test_batch01_runtime_production_path[29]" time="0.002" /><testcase classname="tests.cap646.test_batch01_production" name="test_batch01_runtime_production_path[30]" time="0.001" /><testcase classname="tests.cap646.test_batch01_production" name="test_batch01_runtime_production_path[31]" time="0.622" /><testcase classname="tests.cap646.test_batch01_production" name="test_batch01_runtime_production_path[32]" time="0.615" /><testcase classname="tests.cap646.test_batch01_production" name="test_batch01_runtime_production_path[33]" time="0.004" /><testcase classname="tests.cap646.test_batch01_production" name="test_batch01_runtime_production_path[34]" time="0.002" /><testcase classname="tests.cap646.test_batch01_production" name="test_batch01_runtime_production_path[35]" time="0.609" /><testcase classname="tests.cap646.test_batch01_production" name="test_batch01_runtime_production_path[36]" time="0.016" /><testcase classname="tests.cap646.test_batch01_production" name="test_batch01_runtime_production_path[37]" time="0.431" /><testcase classname="tests.cap646.test_batch01_production" name="test_batch01_runtime_production_path[38]" time="0.015" /><testcase classname="tests.cap646.test_batch01_production" name="test_batch01_runtime_production_path[39]" time="0.014" /><testcase classname="tests.cap646.test_batch01_production" name="test_batch01_runtime_production_path[40]" time="0.028" /><testcase classname="tests.cap646.test_batch01_production" name="test_batch01_runtime_production_path[41]" time="0.041" /><testcase classname="tests.cap646.test_batch01_production" name="test_batch01_runtime_production_path[42]" time="0.120" /><testcase classname="tests.cap646.test_batch01_production" name="test_batch01_runtime_production_path[43]" time="0.002" /><testcase classname="tests.cap646.test_batch01_production" name="test_batch01_runtime_production_path[44]" time="0.002" /><testcase classname="tests.cap646.test_batch01_production" name="test_batch01_runtime_production_path[45]" time="4.824" /><testcase classname="tests.cap646.test_batch01_production" name="test_batch01_runtime_production_path[46]" time="0.002" /><testcase classname="tests.cap646.test_batch01_production" name="test_batch01_runtime_production_path[47]" time="1.742" /><testcase classname="tests.cap646.test_batch01_production" name="test_batch01_runtime_production_path[48]" time="0.217" /><testcase classname="tests.cap646.test_batch01_production" name="test_batch01_runtime_production_path[49]" time="0.188" /><testcase classname="tests.cap646.test_batch01_production" name="test_batch01_runtime_production_path[50]" time="0.001" /><testcase classname="tests.cap646.test_batch01_production" name="test_batch01_runtime_production_path[55]" time="0.628" /><testcase classname="tests.cap646.test_batch01_production" name="test_batch01_runtime_production_path[56]" time="0.087" /><testcase classname="tests.cap646.test_batch01_production" name="test_batch01_runtime_production_path[59]" time="0.435" /><testcase classname="tests.cap646.test_batch01_production" name="test_batch01_runtime_production_path[60]" time="0.015" /><testcase classname="tests.cap646.test_batch01_production" name="test_batch01_runtime_production_path[103]" time="0.001" /><testcase classname="tests.cap646.test_batch01_production" name="test_batch01_runtime_production_path[129]" time="0.005" /><testcase classname="tests.cap646.test_batch01_production" name="test_batch01_runtime_production_path[175]" time="0.005" /><testcase classname="tests.cap646.test_batch01_production" name="test_batch01_runtime_production_path[214]" time="0.001" /><testcase classname="tests.cap646.test_batch01_production" name="test_batch01_runtime_production_path[245]" time="0.004" /><testcase classname="tests.cap646.test_batch01_production" name="test_batch01_runtime_production_path[584]" time="0.001" /><testcase classname="tests.cap646.test_batch01_production" name="test_batch01_runtime_production_path[629]" time="0.001" /><testcase classname="tests.cap646.test_batch01_production" name="test_batch01_runtime_production_path[630]" time="0.001" /><testcase classname="tests.cap646.test_batch01_production" name="test_batch01_runtime_production_path[631]" time="0.006" /><testcase classname="tests.cap646.test_batch01_production" name="test_batch01_runtime_production_path[642]" time="0.002" /><testcase classname="tests.cap646.test_batch01_production" name="test_batch01_runtime_production_path[644]" time="0.003" /><testcase classname="tests.cap646.test_batch01_production" name="test_batch01_runtime_production_path[646]" time="0.004" /><testcase classname="tests.cap646.test_batch01_production" name="test_batch01_backend_registry_binding[1]" time="0.001" /><testcase classname="tests.cap646.test_batch01_production" name="test_batch01_backend_registry_binding[2]" time="0.001" /><testcase classname="tests.cap646.test_batch01_production" name="test_batch01_backend_registry_binding[3]" time="0.001" /><testcase classname="tests.cap646.test_batch01_production" name="test_batch01_backend_registry_binding[4]" time="0.001" /><testcase classname="tests.cap646.test_batch01_production" name="test_batch01_backend_registry_binding[5]" time="0.001" /><testcase classname="tests.cap646.test_batch01_production" name="test_batch01_backend_registry_binding[6]" time="0.001" /><testcase classname="tests.cap646.test_batch01_production" name="test_batch01_backend_registry_binding[7]" time="0.001" /><testcase classname="tests.cap646.test_batch01_production" name="test_batch01_backend_registry_binding[8]" time="0.001" /><testcase classname="tests.cap646.test_batch01_production" name="test_batch01_backend_registry_binding[9]" time="0.001" /><testcase classname="tests.cap646.test_batch01_production" name="test_batch01_backend_registry_binding[10]" time="0.001" /><testcase classname="tests.cap646.test_batch01_production" name="test_batch01_backend_registry_binding[11]" time="0.001" /><testcase classname="tests.cap646.test_batch01_production" name="test_batch01_backend_registry_binding[12]" time="0.001" /><testcase classname="tests.cap646.test_batch01_production" name="test_batch01_backend_registry_binding[13]" time="0.001" /><testcase classname="tests.cap646.test_batch01_production" name="test_batch01_backend_registry_binding[14]" time="0.001" /><testcase classname="tests.cap646.test_batch01_production" name="test_batch01_backend_registry_binding[15]" time="0.001" /><testcase classname="tests.cap646.test_batch01_production" name="test_batch01_backend_registry_binding[16]" time="0.001" /><testcase classname="tests.cap646.test_batch01_production" name="test_batch01_backend_registry_binding[17]" time="0.001" /><testcase classname="tests.cap646.test_batch01_production" name="test_batch01_backend_registry_binding[18]" time="0.001" /><testcase classname="tests.cap646.test_batch01_production" name="test_batch01_backend_registry_binding[19]" time="0.001" /><testcase classname="tests.cap646.test_batch01_production" name="test_batch01_backend_registry_binding[20]" time="0.001" /><testcase classname="tests.cap646.test_batch01_production" name="test_batch01_backend_registry_binding[21]" time="0.001" /><testcase classname="tests.cap646.test_batch01_production" name="test_batch01_backend_registry_binding[22]" time="0.001" /><testcase classname="tests.cap646.test_batch01_production" name="test_batch01_backend_registry_binding[23]" time="0.001" /><testcase classname="tests.cap646.test_batch01_production" name="test_batch01_backend_registry_binding[24]" time="0.001" /><testcase classname="tests.cap646.test_batch01_production" name="test_batch01_backend_registry_binding[25]" time="0.001" /><testcase classname="tests.cap646.test_batch01_production" name="test_batch01_backend_registry_binding[26]" time="0.001" /><testcase classname="tests.cap646.test_batch01_production" name="test_batch01_backend_registry_binding[27]" time="0.001" /><testcase classname="tests.cap646.test_batch01_production" name="test_batch01_backend_registry_binding[28]" time="0.001" /><testcase classname="tests.cap646.test_batch01_production" name="test_batch01_backend_registry_binding[29]" time="0.001" /><testcase classname="tests.cap646.test_batch01_production" name="test_batch01_backend_registry_binding[30]" time="0.001" /><testcase classname="tests.cap646.test_batch01_production" name="test_batch01_backend_registry_binding[31]" time="0.001" /><testcase classname="tests.cap646.test_batch01_production" name="test_batch01_backend_registry_binding[32]" time="0.001" /><testcase classname="tests.cap646.test_batch01_production" name="test_batch01_backend_registry_binding[33]" time="0.001" /><testcase classname="tests.cap646.test_batch01_production" name="test_batch01_backend_registry_binding[34]" time="0.001" /><testcase classname="tests.cap646.test_batch01_production" name="test_batch01_backend_registry_binding[35]" time="0.001" /><testcase classname="tests.cap646.test_batch01_production" name="test_batch01_backend_registry_binding[36]" time="0.001" /><testcase classname="tests.cap646.test_batch01_production" name="test_batch01_backend_registry_binding[37]" time="0.001" /><testcase classname="tests.cap646.test_batch01_production" name="test_batch01_backend_registry_binding[38]" time="0.001" /><testcase classname="tests.cap646.test_batch01_production" name="test_batch01_backend_registry_binding[39]" time="0.001" /><testcase classname="tests.cap646.test_batch01_production" name="test_batch01_backend_registry_binding[40]" time="0.001" /><testcase classname="tests.cap646.test_batch01_production" name="test_batch01_backend_registry_binding[41]" time="0.001" /><testcase classname="tests.cap646.test_batch01_production" name="test_batch01_backend_registry_binding[42]" time="0.001" /><testcase classname="tests.cap646.test_batch01_production" name="test_batch01_backend_registry_binding[43]" time="0.001" /><testcase classname="tests.cap646.test_batch01_production" name="test_batch01_backend_registry_binding[44]" time="0.001" /><testcase classname="tests.cap646.test_batch01_production" name="test_batch01_backend_registry_binding[45]" time="0.001" /><testcase classname="tests.cap646.test_batch01_production" name="test_batch01_backend_registry_binding[46]" time="0.001" /><testcase classname="tests.cap646.test_batch01_production" name="test_batch01_backend_registry_binding[47]" time="0.001" /><testcase classname="tests.cap646.test_batch01_production" name="test_batch01_backend_registry_binding[48]" time="0.001" /><testcase classname="tests.cap646.test_batch01_production" name="test_batch01_backend_registry_binding[49]" time="0.001" /><testcase classname="tests.cap646.test_batch01_production" name="test_batch01_backend_registry_binding[50]" time="0.001" /><testcase classname="tests.cap646.test_batch01_production" name="test_batch01_backend_registry_binding[55]" time="0.001" /><testcase classname="tests.cap646.test_batch01_production" name="test_batch01_backend_registry_binding[56]" time="0.001" /><testcase classname="tests.cap646.test_batch01_production" name="test_batch01_backend_registry_binding[59]" time="0.001" /><testcase classname="tests.cap646.test_batch01_production" name="test_batch01_backend_registry_binding[60]" time="0.001" /><testcase classname="tests.cap646.test_batch01_production" name="test_batch01_backend_registry_binding[103]" time="0.001" /><testcase classname="tests.cap646.test_batch01_production" name="test_batch01_backend_registry_binding[129]" time="0.001" /><testcase classname="tests.cap646.test_batch01_production" name="test_batch01_backend_registry_binding[175]" time="0.001" /><testcase classname="tests.cap646.test_batch01_production" name="test_batch01_backend_registry_binding[214]" time="0.001" /><testcase classname="tests.cap646.test_batch01_production" name="test_batch01_backend_registry_binding[245]" time="0.001" /><testcase classname="tests.cap646.test_batch01_production" name="test_batch01_backend_registry_binding[584]" time="0.001" /><testcase classname="tests.cap646.test_batch01_production" name="test_batch01_backend_registry_binding[629]" time="0.001" /><testcase classname="tests.cap646.test_batch01_production" name="test_batch01_backend_registry_binding[630]" time="0.001" /><testcase classname="tests.cap646.test_batch01_production" name="test_batch01_backend_registry_binding[631]" time="0.001" /><testcase classname="tests.cap646.test_batch01_production" name="test_batch01_backend_registry_binding[642]" time="0.001" /><testcase classname="tests.cap646.test_batch01_production" name="test_batch01_backend_registry_binding[644]" time="0.001" /><testcase classname="tests.cap646.test_batch01_production" name="test_batch01_backend_registry_binding[646]" time="0.001" /><testcase classname="tests.cap646.test_batch01_production" name="test_batch01_user_facing_surface[17]" time="0.001" /><testcase classname="tests.cap646.test_batch01_production" name="test_batch01_user_facing_surface[47]" time="0.001" /><testcase classname="tests.cap646.test_batch01_production" name="test_batch01_user_facing_surface[48]" time="0.001" /><testcase classname="tests.cap646.test_batch01_production" name="test_batch01_user_facing_surface[60]" time="0.001" /><testcase classname="tests.cap646.test_batch01_production" name="test_batch01_user_facing_surface[103]" time="0.001" /><testcase classname="tests.cap646.test_batch01_production" name="test_batch01_user_facing_surface[129]" time="0.001" /><testcase classname="tests.cap646.test_batch01_production" name="test_batch01_user_facing_surface[175]" time="0.001" /><testcase classname="tests.cap646.test_batch01_production" name="test_batch01_user_facing_surface[214]" time="0.001" /><testcase classname="tests.cap646.test_batch01_production" name="test_batch01_user_facing_surface[245]" time="0.001" /><testcase classname="tests.cap646.test_batch01_production" name="test_batch01_user_facing_surface[584]" time="0.001" /><testcase classname="tests.cap646.test_batch01_production" name="test_batch01_user_facing_surface[629]" time="0.001" /><testcase classname="tests.cap646.test_batch01_production" name="test_batch01_user_facing_surface[630]" time="0.001" /><testcase classname="tests.cap646.test_batch01_production" name="test_batch01_user_facing_surface[631]" time="0.001" /><testcase classname="tests.cap646.test_batch01_production" name="test_batch01_user_facing_surface[642]" time="0.001" /><testcase classname="tests.cap646.test_batch01_production" name="test_batch01_user_facing_surface[644]" time="0.001" /><testcase classname="tests.cap646.test_batch01_production" name="test_batch01_user_facing_surface[646]" time="0.001" /><testcase classname="tests.cap646.test_batch01_production" name="test_batch01_245_freshness_not_lake" time="0.001" /><testcase classname="tests.cap646.test_batch01_production" name="test_batch01_642_ai_provenance" time="0.001" /><testcase classname="tests.cap646.test_batch02_dedicated" name="test_official_batch02_dedicated_surface_and_success[51]" time="0.063" /><testcase classname="tests.cap646.test_batch02_dedicated" name="test_official_batch02_dedicated_surface_and_success[52]" time="0.002" /><testcase classname="tests.cap646.test_batch02_dedicated" name="test_official_batch02_dedicated_surface_and_success[53]" time="0.648" /><testcase classname="tests.cap646.test_batch02_dedicated" name="test_official_batch02_dedicated_surface_and_success[54]" time="2.015" /><testcase classname="tests.cap646.test_batch02_dedicated" name="test_official_batch02_dedicated_surface_and_success[57]" time="0.002" /><testcase classname="tests.cap646.test_batch02_dedicated" name="test_official_batch02_dedicated_surface_and_success[58]" time="0.002" /><testcase classname="tests.cap646.test_batch02_dedicated" name="test_official_batch02_dedicated_surface_and_success[61]" time="0.073" /><testcase classname="tests.cap646.test_batch02_dedicated" name="test_official_batch02_dedicated_surface_and_success[62]" time="4.169" /><testcase classname="tests.cap646.test_batch02_dedicated" name="test_official_batch02_dedicated_surface_and_success[63]" time="0.001" /><testcase classname="tests.cap646.test_batch02_dedicated" name="test_official_batch02_dedicated_surface_and_success[64]" time="0.001" /><testcase classname="tests.cap646.test_batch02_dedicated" name="test_official_batch02_dedicated_surface_and_success[65]" time="0.190" /><testcase classname="tests.cap646.test_batch02_dedicated" name="test_official_batch02_dedicated_surface_and_success[66]" time="0.002" /><testcase classname="tests.cap646.test_batch02_dedicated" name="test_official_batch02_dedicated_surface_and_success[67]" time="0.007" /><testcase classname="tests.cap646.test_batch02_dedicated" name="test_official_batch02_dedicated_surface_and_success[68]" time="0.003" /><testcase classname="tests.cap646.test_batch02_dedicated" name="test_official_batch02_dedicated_surface_and_success[69]" time="0.003" /><testcase classname="tests.cap646.test_batch02_dedicated" name="test_official_batch02_dedicated_surface_and_success[70]" time="0.001" /><testcase classname="tests.cap646.test_batch02_dedicated" name="test_official_batch02_dedicated_surface_and_success[71]" time="0.001" /><testcase classname="tests.cap646.test_batch02_dedicated" name="test_official_batch02_dedicated_surface_and_success[72]" time="0.001" /><testcase classname="tests.cap646.test_batch02_dedicated" name="test_official_batch02_dedicated_surface_and_success[73]" time="0.001" /><testcase classname="tests.cap646.test_batch02_dedicated" name="test_official_batch02_dedicated_surface_and_success[74]" time="0.001" /><testcase classname="tests.cap646.test_batch02_dedicated" name="test_official_batch02_dedicated_surface_and_success[75]" time="0.001" /><testcase classname="tests.cap646.test_batch02_dedicated" name="test_official_batch02_dedicated_surface_and_success[76]" time="0.001" /><testcase classname="tests.cap646.test_batch02_dedicated" name="test_official_batch02_dedicated_surface_and_success[77]" time="0.001" /><testcase classname="tests.cap646.test_batch02_dedicated" name="test_official_batch02_dedicated_surface_and_success[78]" time="0.001" /><testcase classname="tests.cap646.test_batch02_dedicated" name="test_official_batch02_dedicated_surface_and_success[79]" time="0.001" /><testcase classname="tests.cap646.test_batch02_dedicated" name="test_official_batch02_dedicated_surface_and_success[80]" time="0.028" /><testcase classname="tests.cap646.test_batch02_dedicated" name="test_official_batch02_dedicated_surface_and_success[81]" time="0.002" /><testcase classname="tests.cap646.test_batch02_dedicated" name="test_official_batch02_dedicated_surface_and_success[82]" time="2.025" /><testcase classname="tests.cap646.test_batch02_dedicated" name="test_official_batch02_dedicated_surface_and_success[83]" time="1.688" /><testcase classname="tests.cap646.test_batch02_dedicated" name="test_official_batch02_dedicated_surface_and_success[84]" time="0.032" /><testcase classname="tests.cap646.test_batch02_dedicated" name="test_official_batch02_dedicated_surface_and_success[85]" time="0.194" /><testcase classname="tests.cap646.test_batch02_dedicated" name="test_official_batch02_dedicated_surface_and_success[86]" time="0.215" /><testcase classname="tests.cap646.test_batch02_dedicated" name="test_official_batch02_dedicated_surface_and_success[87]" time="0.002" /><testcase classname="tests.cap646.test_batch02_dedicated" name="test_official_batch02_dedicated_surface_and_success[88]" time="0.261" /><testcase classname="tests.cap646.test_batch02_dedicated" name="test_official_batch02_dedicated_surface_and_success[89]" time="0.193" /><testcase classname="tests.cap646.test_batch02_dedicated" name="test_official_batch02_dedicated_surface_and_success[90]" time="0.203" /><testcase classname="tests.cap646.test_batch02_dedicated" name="test_official_batch02_dedicated_surface_and_success[91]" time="0.001" /><testcase classname="tests.cap646.test_batch02_dedicated" name="test_official_batch02_dedicated_surface_and_success[92]" time="0.002" /><testcase classname="tests.cap646.test_batch02_dedicated" name="test_official_batch02_dedicated_surface_and_success[93]" time="0.001" /><testcase classname="tests.cap646.test_batch02_dedicated" name="test_official_batch02_dedicated_surface_and_success[94]" time="0.003" /><testcase classname="tests.cap646.test_batch02_dedicated" name="test_official_batch02_dedicated_surface_and_success[95]" time="0.002" /><testcase classname="tests.cap646.test_batch02_dedicated" name="test_official_batch02_dedicated_surface_and_success[96]" time="0.001" /><testcase classname="tests.cap646.test_batch02_dedicated" name="test_official_batch02_dedicated_surface_and_success[97]" time="0.001" /><testcase classname="tests.cap646.test_batch02_dedicated" name="test_official_batch02_dedicated_surface_and_success[98]" time="0.002" /><testcase classname="tests.cap646.test_batch02_dedicated" name="test_official_batch02_dedicated_surface_and_success[99]" time="0.217" /><testcase classname="tests.cap646.test_batch02_dedicated" name="test_official_batch02_dedicated_surface_and_success[100]" time="0.195" /><testcase classname="tests.cap646.test_batch02_dedicated" name="test_official_batch02_overlap_batch01[55]" time="0.631" /><testcase classname="tests.cap646.test_batch02_dedicated" name="test_official_batch02_overlap_batch01[56]" time="0.043" /><testcase classname="tests.cap646.test_batch02_dedicated" name="test_official_batch02_overlap_batch01[59]" time="0.203" /><testcase classname="tests.cap646.test_batch02_dedicated" name="test_official_batch02_overlap_batch01[60]" time="0.015" /><testcase classname="tests.cap646.test_batch02_dedicated" name="test_official_batch02_key_sample_domain_payload[51]" time="0.048" /><testcase classname="tests.cap646.test_batch02_dedicated" name="test_official_batch02_key_sample_domain_payload[53]" time="0.639" /><testcase classname="tests.cap646.test_batch02_dedicated" name="test_official_batch02_key_sample_domain_payload[63]" time="0.001" /><testcase classname="tests.cap646.test_batch02_dedicated" name="test_official_batch02_key_sample_domain_payload[69]" time="0.002" /><testcase classname="tests.cap646.test_batch02_dedicated" name="test_official_batch02_key_sample_domain_payload[85]" time="0.206" /><testcase classname="tests.cap646.test_batch02_dedicated" name="test_official_batch02_key_sample_domain_payload[98]" time="0.003" /><testcase classname="tests.cap646.test_batch02_dedicated" name="test_official_batch02_manifest_count" time="0.001" /><testcase classname="tests.cap646.test_batch02_dedicated" name="test_official_batch02_overlap_reserved_in_dedicated_spine[55]" time="0.001" /><testcase classname="tests.cap646.test_batch02_dedicated" name="test_official_batch02_overlap_reserved_in_dedicated_spine[56]" time="0.001" /><testcase classname="tests.cap646.test_batch02_dedicated" name="test_official_batch02_overlap_reserved_in_dedicated_spine[59]" time="0.001" /><testcase classname="tests.cap646.test_batch02_dedicated" name="test_official_batch02_overlap_reserved_in_dedicated_spine[60]" time="0.001" /><testcase classname="tests.cap646.test_batch02_dedicated" name="test_canonical_69_cross_domain_not_generic_onchain" time="0.002" /><testcase classname="tests.cap646.test_batch03_prep_dedicated" name="test_batch03_prep_dedicated_surface_and_success[101]" time="0.001" /><testcase classname="tests.cap646.test_batch03_prep_dedicated" name="test_batch03_prep_dedicated_surface_and_success[102]" time="0.001" /><testcase classname="tests.cap646.test_batch03_prep_dedicated" name="test_batch03_prep_dedicated_surface_and_success[104]" time="0.003" /><testcase classname="tests.cap646.test_batch03_prep_dedicated" name="test_batch03_prep_dedicated_surface_and_success[105]" time="0.003" /><testcase classname="tests.cap646.test_batch03_prep_dedicated" name="test_batch03_prep_dedicated_surface_and_success[106]" time="0.001" /><testcase classname="tests.cap646.test_batch03_prep_dedicated" name="test_batch03_prep_dedicated_surface_and_success[107]" time="0.001" /><testcase classname="tests.cap646.test_batch03_prep_dedicated" name="test_batch03_prep_dedicated_surface_and_success[108]" time="0.001" /><testcase classname="tests.cap646.test_batch03_prep_dedicated" name="test_batch03_prep_dedicated_surface_and_success[109]" time="0.727" /><testcase classname="tests.cap646.test_batch03_prep_dedicated" name="test_batch03_prep_dedicated_surface_and_success[110]" time="0.002" /><testcase classname="tests.cap646.test_batch03_prep_dedicated" name="test_batch03_prep_dedicated_surface_and_success[111]" time="0.002" /><testcase classname="tests.cap646.test_batch03_prep_dedicated" name="test_batch03_prep_dedicated_surface_and_success[112]" time="0.001" /><testcase classname="tests.cap646.test_batch03_prep_dedicated" name="test_batch03_prep_dedicated_surface_and_success[113]" time="0.001" /><testcase classname="tests.cap646.test_batch03_prep_dedicated" name="test_batch03_prep_dedicated_surface_and_success[114]" time="0.001" /><testcase classname="tests.cap646.test_batch03_prep_dedicated" name="test_batch03_prep_dedicated_surface_and_success[115]" time="0.001" /><testcase classname="tests.cap646.test_batch03_prep_dedicated" name="test_batch03_prep_dedicated_surface_and_success[116]" time="0.003" /><testcase classname="tests.cap646.test_batch03_prep_dedicated" name="test_batch03_prep_dedicated_surface_and_success[117]" time="0.001" /><testcase classname="tests.cap646.test_batch03_prep_dedicated" name="test_batch03_prep_dedicated_surface_and_success[118]" time="0.002" /><testcase classname="tests.cap646.test_batch03_prep_dedicated" name="test_batch03_prep_dedicated_surface_and_success[119]" time="0.609" /><testcase classname="tests.cap646.test_batch03_prep_dedicated" name="test_batch03_prep_dedicated_surface_and_success[120]" time="0.003" /><testcase classname="tests.cap646.test_batch03_prep_dedicated" name="test_batch03_prep_dedicated_surface_and_success[121]" time="0.002" /><testcase classname="tests.cap646.test_batch03_prep_dedicated" name="test_batch03_prep_dedicated_surface_and_success[122]" time="0.003" /><testcase classname="tests.cap646.test_batch03_prep_dedicated" name="test_batch03_prep_dedicated_surface_and_success[123]" time="0.001" /><testcase classname="tests.cap646.test_batch03_prep_dedicated" name="test_batch03_prep_dedicated_surface_and_success[124]" time="0.001" /><testcase classname="tests.cap646.test_batch03_prep_dedicated" name="test_batch03_prep_dedicated_surface_and_success[125]" time="0.187" /><testcase classname="tests.cap646.test_batch03_prep_dedicated" name="test_batch03_prep_dedicated_surface_and_success[126]" time="0.001" /><testcase classname="tests.cap646.test_batch03_prep_dedicated" name="test_batch03_prep_dedicated_surface_and_success[127]" time="0.001" /><testcase classname="tests.cap646.test_batch03_prep_dedicated" name="test_batch03_prep_dedicated_surface_and_success[128]" time="0.004" /><testcase classname="tests.cap646.test_batch03_prep_dedicated" name="test_batch03_prep_dedicated_surface_and_success[130]" time="0.001" /><testcase classname="tests.cap646.test_batch03_prep_dedicated" name="test_batch03_prep_dedicated_surface_and_success[131]" time="0.104" /><testcase classname="tests.cap646.test_batch03_prep_dedicated" name="test_batch03_prep_dedicated_surface_and_success[132]" time="0.001" /><testcase classname="tests.cap646.test_batch03_prep_dedicated" name="test_batch03_prep_dedicated_surface_and_success[133]" time="0.155" /><testcase classname="tests.cap646.test_batch03_prep_dedicated" name="test_batch03_prep_dedicated_surface_and_success[134]" time="0.113" /><testcase classname="tests.cap646.test_batch03_prep_dedicated" name="test_batch03_prep_dedicated_surface_and_success[135]" time="0.002" /><testcase classname="tests.cap646.test_batch03_prep_dedicated" name="test_batch03_prep_dedicated_surface_and_success[136]" time="0.001" /><testcase classname="tests.cap646.test_batch03_prep_dedicated" name="test_batch03_prep_dedicated_surface_and_success[137]" time="0.001" /><testcase classname="tests.cap646.test_batch03_prep_dedicated" name="test_batch03_prep_dedicated_surface_and_success[138]" time="0.001" /><testcase classname="tests.cap646.test_batch03_prep_dedicated" name="test_batch03_prep_dedicated_surface_and_success[139]" time="0.002" /><testcase classname="tests.cap646.test_batch03_prep_dedicated" name="test_batch03_prep_dedicated_surface_and_success[140]" time="0.002" /><testcase classname="tests.cap646.test_batch03_prep_dedicated" name="test_batch03_prep_dedicated_surface_and_success[141]" time="0.001" /><testcase classname="tests.cap646.test_batch03_prep_dedicated" name="test_batch03_prep_dedicated_surface_and_success[142]" time="0.001" /><testcase classname="tests.cap646.test_batch03_prep_dedicated" name="test_batch03_prep_dedicated_surface_and_success[143]" time="0.002" /><testcase classname="tests.cap646.test_batch03_prep_dedicated" name="test_batch03_prep_dedicated_surface_and_success[144]" time="0.001" /><testcase classname="tests.cap646.test_batch03_prep_dedicated" name="test_batch03_prep_dedicated_surface_and_success[145]" time="0.618" /><testcase classname="tests.cap646.test_batch03_prep_dedicated" name="test_batch03_prep_dedicated_surface_and_success[146]" time="0.642" /><testcase classname="tests.cap646.test_batch03_prep_dedicated" name="test_batch03_prep_dedicated_surface_and_success[147]" time="0.248" /><testcase classname="tests.cap646.test_batch03_prep_dedicated" name="test_batch03_prep_dedicated_surface_and_success[148]" time="0.002" /><testcase classname="tests.cap646.test_batch03_prep_dedicated" name="test_batch03_prep_dedicated_surface_and_success[149]" time="0.001" /><testcase classname="tests.cap646.test_batch03_prep_dedicated" name="test_batch03_prep_dedicated_surface_and_success[150]" time="0.002" /><testcase classname="tests.cap646.test_batch03_prep_dedicated" name="test_batch03_prep_dedicated_direct_execute[101]" time="0.001" /><testcase classname="tests.cap646.test_batch03_prep_dedicated" name="test_batch03_prep_dedicated_direct_execute[102]" time="0.001" /><testcase classname="tests.cap646.test_batch03_prep_dedicated" name="test_batch03_prep_dedicated_direct_execute[104]" time="0.002" /><testcase classname="tests.cap646.test_batch03_prep_dedicated" name="test_batch03_prep_dedicated_direct_execute[105]" time="0.002" /><testcase classname="tests.cap646.test_batch03_prep_dedicated" name="test_batch03_prep_dedicated_direct_execute[106]" time="0.001" /><testcase classname="tests.cap646.test_batch03_prep_dedicated" name="test_batch03_prep_dedicated_direct_execute[107]" time="0.001" /><testcase classname="tests.cap646.test_batch03_prep_dedicated" name="test_batch03_prep_dedicated_direct_execute[108]" time="0.001" /><testcase classname="tests.cap646.test_batch03_prep_dedicated" name="test_batch03_prep_dedicated_direct_execute[109]" time="0.621" /><testcase classname="tests.cap646.test_batch03_prep_dedicated" name="test_batch03_prep_dedicated_direct_execute[110]" time="0.002" /><testcase classname="tests.cap646.test_batch03_prep_dedicated" name="test_batch03_prep_dedicated_direct_execute[111]" time="0.002" /><testcase classname="tests.cap646.test_batch03_prep_dedicated" name="test_batch03_prep_dedicated_direct_execute[112]" time="0.001" /><testcase classname="tests.cap646.test_batch03_prep_dedicated" name="test_batch03_prep_dedicated_direct_execute[113]" time="0.001" /><testcase classname="tests.cap646.test_batch03_prep_dedicated" name="test_batch03_prep_dedicated_direct_execute[114]" time="0.001" /><testcase classname="tests.cap646.test_batch03_prep_dedicated" name="test_batch03_prep_dedicated_direct_execute[115]" time="0.001" /><testcase classname="tests.cap646.test_batch03_prep_dedicated" name="test_batch03_prep_dedicated_direct_execute[116]" time="0.003" /><testcase classname="tests.cap646.test_batch03_prep_dedicated" name="test_batch03_prep_dedicated_direct_execute[117]" time="0.001" /><testcase classname="tests.cap646.test_batch03_prep_dedicated" name="test_batch03_prep_dedicated_direct_execute[118]" time="0.002" /><testcase classname="tests.cap646.test_batch03_prep_dedicated" name="test_batch03_prep_dedicated_direct_execute[119]" time="0.628" /><testcase classname="tests.cap646.test_batch03_prep_dedicated" name="test_batch03_prep_dedicated_direct_execute[120]" time="0.003" /><testcase classname="tests.cap646.test_batch03_prep_dedicated" name="test_batch03_prep_dedicated_direct_execute[121]" time="0.002" /><testcase classname="tests.cap646.test_batch03_prep_dedicated" name="test_batch03_prep_dedicated_direct_execute[122]" time="0.003" /><testcase classname="tests.cap646.test_batch03_prep_dedicated" name="test_batch03_prep_dedicated_direct_execute[123]" time="0.001" /><testcase classname="tests.cap646.test_batch03_prep_dedicated" name="test_batch03_prep_dedicated_direct_execute[124]" time="0.001" /><testcase classname="tests.cap646.test_batch03_prep_dedicated" name="test_batch03_prep_dedicated_direct_execute[125]" time="0.208" /><testcase classname="tests.cap646.test_batch03_prep_dedicated" name="test_batch03_prep_dedicated_direct_execute[126]" time="0.001" /><testcase classname="tests.cap646.test_batch03_prep_dedicated" name="test_batch03_prep_dedicated_direct_execute[127]" time="0.001" /><testcase classname="tests.cap646.test_batch03_prep_dedicated" name="test_batch03_prep_dedicated_direct_execute[128]" time="0.003" /><testcase classname="tests.cap646.test_batch03_prep_dedicated" name="test_batch03_prep_dedicated_direct_execute[130]" time="0.001" /><testcase classname="tests.cap646.test_batch03_prep_dedicated" name="test_batch03_prep_dedicated_direct_execute[131]" time="0.001" /><testcase classname="tests.cap646.test_batch03_prep_dedicated" name="test_batch03_prep_dedicated_direct_execute[132]" time="0.001" /><testcase classname="tests.cap646.test_batch03_prep_dedicated" name="test_batch03_prep_dedicated_direct_execute[133]" time="0.002" /><testcase classname="tests.cap646.test_batch03_prep_dedicated" name="test_batch03_prep_dedicated_direct_execute[134]" time="0.001" /><testcase classname="tests.cap646.test_batch03_prep_dedicated" name="test_batch03_prep_dedicated_direct_execute[135]" time="0.001" /><testcase classname="tests.cap646.test_batch03_prep_dedicated" name="test_batch03_prep_dedicated_direct_execute[136]" time="0.001" /><testcase classname="tests.cap646.test_batch03_prep_dedicated" name="test_batch03_prep_dedicated_direct_execute[137]" time="0.001" /><testcase classname="tests.cap646.test_batch03_prep_dedicated" name="test_batch03_prep_dedicated_direct_execute[138]" time="0.001" /><testcase classname="tests.cap646.test_batch03_prep_dedicated" name="test_batch03_prep_dedicated_direct_execute[139]" time="0.002" /><testcase classname="tests.cap646.test_batch03_prep_dedicated" name="test_batch03_prep_dedicated_direct_execute[140]" time="0.001" /><testcase classname="tests.cap646.test_batch03_prep_dedicated" name="test_batch03_prep_dedicated_direct_execute[141]" time="0.001" /><testcase classname="tests.cap646.test_batch03_prep_dedicated" name="test_batch03_prep_dedicated_direct_execute[142]" time="0.001" /><testcase classname="tests.cap646.test_batch03_prep_dedicated" name="test_batch03_prep_dedicated_direct_execute[143]" time="0.001" /><testcase classname="tests.cap646.test_batch03_prep_dedicated" name="test_batch03_prep_dedicated_direct_execute[144]" time="0.001" /><testcase classname="tests.cap646.test_batch03_prep_dedicated" name="test_batch03_prep_dedicated_direct_execute[145]" time="0.628" /><testcase classname="tests.cap646.test_batch03_prep_dedicated" name="test_batch03_prep_dedicated_direct_execute[146]" time="0.616" /><testcase classname="tests.cap646.test_batch03_prep_dedicated" name="test_batch03_prep_dedicated_direct_execute[147]" time="0.002" /><testcase classname="tests.cap646.test_batch03_prep_dedicated" name="test_batch03_prep_dedicated_direct_execute[148]" time="0.001" /><testcase classname="tests.cap646.test_batch03_prep_dedicated" name="test_batch03_prep_dedicated_direct_execute[149]" time="0.001" /><testcase classname="tests.cap646.test_batch03_prep_dedicated" name="test_batch03_prep_dedicated_direct_execute[150]" time="0.002" /><testcase classname="tests.cap646.test_batch03_prep_dedicated" name="test_batch03_prep_formerly_generic_have_domain_payload[101]" time="0.001" /><testcase classname="tests.cap646.test_batch03_prep_dedicated" name="test_batch03_prep_formerly_generic_have_domain_payload[102]" time="0.001" /><testcase classname="tests.cap646.test_batch03_prep_dedicated" name="test_batch03_prep_formerly_generic_have_domain_payload[109]" time="0.744" /><testcase classname="tests.cap646.test_batch03_prep_dedicated" name="test_batch03_prep_formerly_generic_have_domain_payload[110]" time="0.002" /><testcase classname="tests.cap646.test_batch03_prep_dedicated" name="test_batch03_prep_formerly_generic_have_domain_payload[111]" time="0.002" /><testcase classname="tests.cap646.test_batch03_prep_dedicated" name="test_batch03_prep_formerly_generic_have_domain_payload[116]" time="0.003" /><testcase classname="tests.cap646.test_batch03_prep_dedicated" name="test_batch03_prep_formerly_generic_have_domain_payload[144]" time="0.002" /><testcase classname="tests.cap646.test_batch03_prep_dedicated" name="test_batch03_prep_manifest_count" time="0.001" /><testcase classname="tests.cap646.test_batch03_prep_dedicated" name="test_batch03_prep_overlap_reserved_in_dedicated_spine[103]" time="0.001" /><testcase classname="tests.cap646.test_batch03_prep_dedicated" name="test_batch03_prep_overlap_reserved_in_dedicated_spine[129]" time="0.001" /><testcase classname="tests.cap646.test_batch_spine" name="test_execute_and_enrich_batch_stamps_classification" time="0.001" /><testcase classname="tests.cap646.test_cap646_closure" name="test_evidence_class_footer" time="0.001" /><testcase classname="tests.cap646.test_cap646_closure" name="test_wave_a_f0_631" time="0.001" /><testcase classname="tests.cap646.test_cap646_closure" name="test_verified_capability_63" time="0.001" /><testcase classname="tests.cap646.test_cap646_closure" name="test_external_blocked" time="0.001" /><testcase classname="tests.cap646.test_cap646_closure" name="test_duplicate_routes_to_canonical" time="0.195" /><testcase classname="tests.cap646.test_cap646_closure" name="test_batch02_duplicate_executes_production_spine" time="0.001" /><testcase classname="tests.cap646.test_cap646_closure" name="test_cap646_api_catalog" time="0.367" /><testcase classname="tests.cap646.test_cap646_closure" name="test_closure_sample" time="2.764" /><testcase classname="tests.cap646.test_cap69_dual_path" name="test_cap69_official_vs_parallel_match[BTC]" time="0.004" /><testcase classname="tests.cap646.test_cap69_dual_path" name="test_cap69_official_vs_parallel_match[ETH]" time="0.004" /><testcase classname="tests.cap646.test_cap69_dual_path" name="test_cap69_official_vs_parallel_match[SOL]" time="0.003" /><testcase classname="tests.cap646.test_cap69_dual_path" name="test_cap69_official_vs_parallel_match[AVAX]" time="0.003" /><testcase classname="tests.cap646.test_cap69_dual_path" name="test_cap69_official_vs_parallel_match[DOGE]" time="0.003" /><testcase classname="tests.cap646.test_cap69_dual_path" name="test_cap69_onchain_facade_delegates_to_batch02" time="0.004" /><testcase classname="tests.cap646.test_cap978_closure" name="test_cap978_catalog_total" time="0.002" /><testcase classname="tests.cap646.test_cap978_closure" name="test_cap978_extension_sample" time="9.206" /><testcase classname="tests.cap646.test_cap978_closure" name="test_external_registry" time="0.002" /><testcase classname="tests.cap646.test_cap978_closure" name="test_unified_execute_base_and_extension" time="2.349" /><testcase classname="tests.cap646.test_ci_deterministic_closure" name="test_ci_deterministic_sample_closure_stable" time="22.196" /><testcase classname="tests.cap646.test_ci_deterministic_closure" name="test_ci_deterministic_institutional_gate_passes" time="21.934" /><testcase classname="tests.cap646.test_ci_deterministic_closure" name="test_ci_deterministic_gate_detects_broken_binding" time="7.324" /><testcase classname="tests.cap646.test_closure_reject_04" name="test_runtime_execute_batch01_spine" time="0.369" /><testcase classname="tests.cap646.test_closure_reject_04" name="test_runtime_execute_batch02_spine" time="1.194" /><testcase classname="tests.cap646.test_closure_reject_04" name="test_runtime_classification_bans_verified_complete" time="0.001" /><testcase classname="tests.cap646.test_closure_reject_04" name="test_cap978_verify_emits_legacy_namespace_only" time="1.515" /><testcase classname="tests.cap646.test_closure_reject_04" name="test_batch01_dedicated_handlers" time="0.317" /><testcase classname="tests.cap646.test_closure_reject_04" name="test_batch02_dedicated_cap053" time="0.866" /><testcase classname="tests.cap646.test_closure_reject_04" name="test_closure_guard_blocks_without_secret" time="0.002" /><testcase classname="tests.cap646.test_closure_reject_04" name="test_closure_guard_blocks_with_wrong_token" time="0.001" /><testcase classname="tests.cap646.test_closure_reject_04" name="test_closure_guard_allows_valid_token" time="0.001" /><testcase classname="tests.cap646.test_closure_reject_04" name="test_progress_104_numerator" time="0.001" /><testcase classname="tests.cap646.test_closure_reject_04" name="test_entitlement_proofs_no_batch03_ids" time="0.001" /><testcase classname="tests.cap646.test_dedicated_common" name="test_sym_normalizes_asset" time="0.001" /><testcase classname="tests.cap646.test_dedicated_common" name="test_addr_default_wallet" time="0.001" /><testcase classname="tests.cap646.test_dedicated_common" name="test_success_from_dict_flags" time="0.001" /><testcase classname="tests.cap646.test_dedicated_common" name="test_wrap_stamps_surface" time="0.001" /><testcase classname="tests.cap646.test_dedicated_common" name="test_make_wrap_binding" time="0.001" /><testcase classname="tests.cap646.test_dedicated_common" name="test_seed_returns_dict" time="0.002" /><testcase classname="tests.cap646.test_dedicated_common" name="test_execute_dedicated_caps_dispatches" time="0.001" /><testcase classname="tests.cap646.test_dedicated_common" name="test_success_from_non_dict" time="0.001" /><testcase classname="tests.cap646.test_dedicated_common" name="test_wrap_with_extra" time="0.001" /><testcase classname="tests.cap646.test_dedicated_common" name="test_execute_dedicated_caps_not_dedicated_error" time="0.001" /><testcase classname="tests.cap646.test_dedicated_common" name="test_seed_missing_file_returns_empty_dict" time="0.001" /><testcase classname="tests.cap646.test_dedicated_common" name="test_execute_dedicated_caps_overlap_error" time="0.001" /><testcase classname="tests.cap646.test_dedicated_common" name="test_provenance_hot_storage_payload" time="0.001" /><testcase classname="tests.cap646.test_get_entitlement" name="test_get_pro_capability_denied_for_anonymous" time="0.019" /><testcase classname="tests.cap646.test_get_entitlement" name="test_get_free_capability_allowed_for_anonymous" time="0.164" /><testcase classname="tests.cap646.test_get_entitlement" name="test_get_pro_capability_allowed_with_pro_user" time="2.024" /><testcase classname="tests.cap646.test_institutional_gate" name="test_catalog_integrity" time="0.001" /><testcase classname="tests.cap646.test_institutional_gate" name="test_external_registry_integrity" time="0.001" /><testcase classname="tests.cap646.test_institutional_gate" name="test_committed_artifacts_match_baseline" time="0.002" /><testcase classname="tests.cap646.test_institutional_gate" name="test_commercial_launch_checklist" time="0.001" /><testcase classname="tests.cap646.test_institutional_gate" name="test_institutional_gate_full" time="1003.325" /><testcase classname="tests.cap646.test_option_a_production" name="test_option_a_runtime_execute[338-data_quality_pipeline-cap646.data_spine-data_quality_pipeline_report]" time="0.004" /><testcase classname="tests.cap646.test_option_a_production" name="test_option_a_runtime_execute[500-data_quality_normalization-cap646.data_spine-normalization_report]" time="2.025" /><testcase classname="tests.cap646.test_option_a_production" name="test_option_a_runtime_execute[507-ohlcv-cap646.fallbacks-resolve_ohlcv_closes]" time="0.002" /><testcase classname="tests.cap646.test_option_a_production" name="test_option_a_runtime_execute[534-bucketed_cvd-cap646.data_spine-bucketed_cvd_report]" time="0.003" /><testcase classname="tests.cap646.test_option_a_production" name="test_option_a_backend_registry_binding[338]" time="0.001" /><testcase classname="tests.cap646.test_option_a_production" name="test_option_a_backend_registry_binding[500]" time="0.001" /><testcase classname="tests.cap646.test_option_a_production" name="test_option_a_backend_registry_binding[507]" time="0.001" /><testcase classname="tests.cap646.test_option_a_production" name="test_option_a_backend_registry_binding[534]" time="0.002" /><testcase classname="tests.cap646.test_option_a_production" name="test_option_a_534_bucketed_cvd_shape" time="0.002" /><testcase classname="tests.cap646.test_runtime_spine_coverage" name="test_execute_capability_official_spine[1]" time="0.258" /><testcase classname="tests.cap646.test_runtime_spine_coverage" name="test_execute_capability_official_spine[6]" time="0.331" /><testcase classname="tests.cap646.test_runtime_spine_coverage" name="test_execute_capability_official_spine[17]" time="0.017" /><testcase classname="tests.cap646.test_runtime_spine_coverage" name="test_execute_capability_official_spine[47]" time="2.055" /><testcase classname="tests.cap646.test_runtime_spine_coverage" name="test_execute_capability_official_spine[50]" time="0.001" /><testcase classname="tests.cap646.test_runtime_spine_coverage" name="test_execute_capability_official_spine[51]" time="0.059" /><testcase classname="tests.cap646.test_runtime_spine_coverage" name="test_execute_capability_official_spine[57]" time="0.002" /><testcase classname="tests.cap646.test_runtime_spine_coverage" name="test_execute_capability_official_spine[69]" time="0.003" /><testcase classname="tests.cap646.test_runtime_spine_coverage" name="test_execute_capability_official_spine[85]" time="0.209" /><testcase classname="tests.cap646.test_runtime_spine_coverage" name="test_execute_capability_official_spine[88]" time="0.249" /><testcase classname="tests.cap646.test_runtime_spine_coverage" name="test_free_tier_path[5]" time="0.010" /><testcase classname="tests.cap646.test_runtime_spine_coverage" name="test_free_tier_path[7]" time="0.172" /><testcase classname="tests.cap646.test_runtime_spine_coverage" name="test_unknown_capability_rejected" time="0.001" /><testcase classname="tests.cap646.test_runtime_spine_coverage" name="test_batch_spine_enrichment_fields" time="0.003" /><testcase classname="tests.cap646.test_runtime_spine_coverage" name="test_route_handler_resolution[329-T02]" time="0.001" /><testcase classname="tests.cap646.test_runtime_spine_coverage" name="test_route_handler_resolution[86-T05]" time="0.001" /><testcase classname="tests.cap646.test_runtime_spine_coverage" name="test_route_handler_resolution[88-T05]" time="0.001" /><testcase classname="tests.cap646.test_runtime_spine_coverage" name="test_route_handler_resolution[17-T13]" time="0.001" /><testcase classname="tests.cap646.test_runtime_spine_coverage" name="test_route_handler_resolution[63-T03]" time="0.001" /><testcase classname="tests.cap646.test_runtime_spine_coverage" name="test_route_handler_resolution[200-T04]" time="0.001" /><testcase classname="tests.cap646.test_runtime_spine_coverage" name="test_route_handler_resolution[400-T12]" time="0.001" /><testcase classname="tests.cap646.test_runtime_spine_coverage" name="test_route_handler_resolution[338-T04]" time="0.001" /><testcase classname="tests.cap646.test_runtime_spine_coverage" name="test_route_handler_resolution[500-T04]" time="0.001" /><testcase classname="tests.cap646.test_runtime_spine_coverage" name="test_route_handler_resolution[49-T12]" time="0.001" /><testcase classname="tests.cap646.test_runtime_spine_coverage" name="test_route_handler_resolution[632-T12]" time="0.001" /><testcase classname="tests.cap646.test_runtime_spine_coverage" name="test_route_handler_resolution[642-T17]" time="0.001" /><testcase classname="tests.cap646.test_runtime_spine_coverage" name="test_route_handler_specialized_branches[150-T06-Arbitrage Scanner]" time="0.001" /><testcase classname="tests.cap646.test_runtime_spine_coverage" name="test_route_handler_specialized_branches[250-T09-On-Chain Wallet Intelligence]" time="0.001" /><testcase classname="tests.cap646.test_runtime_spine_coverage" name="test_route_handler_specialized_branches[300-T13-Smart Alerts Engine]" time="0.001" /><testcase classname="tests.cap646.test_runtime_spine_coverage" name="test_route_handler_specialized_branches[350-T02-Institutional API Gateway]" time="0.001" /><testcase classname="tests.cap646.test_runtime_spine_coverage" name="test_batch03_prep_path_blocked_but_routed" time="0.002" /><testcase classname="tests.cap646.test_runtime_spine_coverage" name="test_verified_capability_paths" time="0.215" /><testcase classname="tests.cap646.test_runtime_spine_coverage" name="test_handler_exception_path" time="0.001" /><testcase classname="tests.cap646.test_runtime_spine_coverage" name="test_non_batch_market_handler_path" time="1.984" /><testcase classname="tests.cap646.test_runtime_spine_coverage" name="test_institutional_handler_path" time="0.213" /><testcase classname="tests.cap646.test_runtime_spine_coverage" name="test_duplicate_capability_delegates" time="0.014" /><testcase classname="tests.cap646.test_runtime_spine_coverage" name="test_free_tier_non_batch_capabilities" time="1.298" /><testcase classname="tests.cap646.test_runtime_spine_coverage" name="test_route_handler_option_a_branches" time="0.002" /><testcase classname="tests.cap646.test_runtime_spine_coverage" name="test_entitlement_denied_without_skip" time="0.002" /><testcase classname="tests.cap646.test_soft_launch_closure" name="test_legal_and_honesty_checks" time="0.004" /><testcase classname="tests.cap646.test_soft_launch_closure" name="test_soft_launch_closure_code_complete" time="0.228" /><testcase classname="tests.cap646.test_soft_launch_closure" name="test_soft_launch_with_production_guard" time="0.101" /><testcase classname="tests.cap646.test_triple_closure" name="test_institutional_controls_42" time="0.042" /><testcase classname="tests.cap646.test_triple_closure" name="test_data_platform_chain" time="7.714" /><testcase classname="tests.cap646.test_triple_closure" name="test_functional_wave_a_sample" time="5.120" /><testcase classname="tests.cap646.test_triple_closure" name="test_triple_closure_sample" time="26.042" /><testcase classname="tests.cap646.test_triple_closure" name="test_platform_compounding_e2e" time="2.761" /><testcase classname="tests.cap646.test_triple_closure" name="test_platform_stores" time="0.002" /><testcase classname="tests.cap646.test_triple_closure" name="test_user_surface_routes" time="0.001" /><testcase classname="tests.cap646.test_wave_dod_e2e" name="test_wave_a_dod" time="5.486" /><testcase classname="tests.cap646.test_wave_dod_e2e" name="test_wave_b_dod" time="10.054" /><testcase classname="tests.cap646.test_wave_dod_e2e" name="test_wave_c_dod" time="1.547" /><testcase classname="tests.cap646.test_wave_dod_e2e" name="test_cap646_hub_page" time="0.066" /><testcase classname="tests.cap646.test_wave_dod_e2e" name="test_wave_api_ids" time="0.021" /><testcase classname="tests.cap646.test_wave_dod_e2e" name="test_registry_binding_not_generic" time="0.361" /><testcase classname="tests.cap646.test_wave_dod_e2e" name="test_wave_d_registry_sample_dod" time="5.272" /><testcase classname="tests.test_address_intelligence" name="test_normalize_address_evm" time="0.001" /><testcase classname="tests.test_address_intelligence" name="test_snapshot_key_chain_specific" time="0.001" /><testcase classname="tests.test_address_intelligence" name="test_bootstrap_history_proxy" time="0.001" /><testcase classname="tests.test_address_intelligence" name="test_search_address_mock" time="0.001" /><testcase classname="tests.test_address_intelligence" name="test_balance_history_mock" time="0.002" /><testcase classname="tests.test_address_intelligence" name="test_balance_updates_diff" time="0.001" /><testcase classname="tests.test_address_intelligence" name="test_address_intelligence_api" time="0.158" /><testcase classname="tests.test_advanced_ta_risk_batch117_128" name="test_117_liquidity_vacuum" time="0.001" /><testcase classname="tests.test_advanced_ta_risk_batch117_128" name="test_118_risk_distribution" time="0.001" /><testcase classname="tests.test_advanced_ta_risk_batch117_128" name="test_119_gas_rejected" time="0.001" /><testcase classname="tests.test_advanced_ta_risk_batch117_128" name="test_120_leverage_risk" time="0.002" /><testcase classname="tests.test_advanced_ta_risk_batch117_128" name="test_121_pnl_attribution" time="0.001" /><testcase classname="tests.test_advanced_ta_risk_batch117_128" name="test_122_structural_break" time="0.003" /><testcase classname="tests.test_advanced_ta_risk_batch117_128" name="test_123_volume_profile" time="0.001" /><testcase classname="tests.test_advanced_ta_risk_batch117_128" name="test_124_fvg_detector" time="0.001" /><testcase classname="tests.test_advanced_ta_risk_batch117_128" name="test_125_custody_deferred" time="0.001" /><testcase classname="tests.test_advanced_ta_risk_batch117_128" name="test_126_dex_rejected" time="0.001" /><testcase classname="tests.test_advanced_ta_risk_batch117_128" name="test_127_inefficiency_rejected" time="0.001" /><testcase classname="tests.test_advanced_ta_risk_batch117_128" name="test_128_jargon" time="0.001" /><testcase classname="tests.test_advanced_ta_risk_batch117_128" name="test_advanced_ta_risk_e2e" time="0.004" /><testcase classname="tests.test_alpha_engine" name="test_fear_greed_alpha_contrarian" time="0.001" /><testcase classname="tests.test_alpha_engine" name="test_fetch_fear_greed_mock" time="0.001" /><testcase classname="tests.test_alpha_engine" name="test_arkham_fallback_mock" time="0.001" /><testcase classname="tests.test_alpha_engine" name="test_alpha_engine_signal_mock" time="0.001" /><testcase classname="tests.test_alpha_engine" name="test_alpha_api" time="0.124" /><testcase classname="tests.test_arb_truth_gate" name="test_scan_source_wires_net_edge_truth" time="0.002" /><testcase classname="tests.test_arb_truth_gate" name="test_alert_processor_skips_truth_rejects" time="0.001" /><testcase classname="tests.test_arb_truth_gate" name="test_enrichment_does_not_overwrite_prediction_id" time="0.019" /><testcase classname="tests.test_arbitrage_engine" name="test_gross_spread_bps_positive" time="0.001" /><testcase classname="tests.test_arbitrage_engine" name="test_walk_asks_returns_execution" time="0.001" /><testcase classname="tests.test_arbitrage_portfolio_ux_batch177_191" name="test_177_arbitrage_cost" time="0.002" /><testcase classname="tests.test_arbitrage_portfolio_ux_batch177_191" name="test_178_scenario_drawdown" time="0.001" /><testcase classname="tests.test_arbitrage_portfolio_ux_batch177_191" name="test_178_risk_embed" time="0.002" /><testcase classname="tests.test_arbitrage_portfolio_ux_batch177_191" name="test_179_command_center" time="0.002" /><testcase classname="tests.test_arbitrage_portfolio_ux_batch177_191" name="test_180_whale_visualization" time="0.002" /><testcase classname="tests.test_arbitrage_portfolio_ux_batch177_191" name="test_181_committee_packets" time="0.001" /><testcase classname="tests.test_arbitrage_portfolio_ux_batch177_191" name="test_182_white_label_infra" time="0.001" /><testcase classname="tests.test_arbitrage_portfolio_ux_batch177_191" name="test_183_b2b_integration" time="0.001" /><testcase classname="tests.test_arbitrage_portfolio_ux_batch177_191" name="test_184_fund_reporting" time="0.002" /><testcase classname="tests.test_arbitrage_portfolio_ux_batch177_191" name="test_185_acquisition_deferred" time="0.001" /><testcase classname="tests.test_arbitrage_portfolio_ux_batch177_191" name="test_186_continuous_learning" time="0.001" /><testcase classname="tests.test_arbitrage_portfolio_ux_batch177_191" name="test_187_latency_monitoring" time="0.001" /><testcase classname="tests.test_arbitrage_portfolio_ux_batch177_191" name="test_188_execution_rejected" time="0.001" /><testcase classname="tests.test_arbitrage_portfolio_ux_batch177_191" name="test_189_liquidity_capacity" time="0.001" /><testcase classname="tests.test_arbitrage_portfolio_ux_batch177_191" name="test_190_geographic_arbitrage" time="0.002" /><testcase classname="tests.test_arbitrage_portfolio_ux_batch177_191" name="test_191_withdrawal_alert" time="0.001" /><testcase classname="tests.test_arbitrage_portfolio_ux_batch177_191" name="test_153_arbitrage_extensions" time="0.001" /><testcase classname="tests.test_arbitrage_portfolio_ux_batch177_191" name="test_arbitrage_portfolio_ux_e2e" time="0.002" /><testcase classname="tests.test_audit_critical_paths" name="test_oracle_unified_imports" time="0.001" /><testcase classname="tests.test_audit_critical_paths" name="test_public_weights_summary_exists" time="0.001" /><testcase classname="tests.test_audit_critical_paths" name="test_verdict_labeling_public_taxonomy" time="0.001" /><testcase classname="tests.test_audit_critical_paths" name="test_live_book_quote_age_helpers" time="0.001" /><testcase classname="tests.test_audit_critical_paths" name="test_regime_and_conflicts_in_breakdown" time="0.001" /><testcase classname="tests.test_audit_critical_paths" name="test_pg_result_supports_fetch" time="0.001" /><testcase classname="tests.test_auth_identity_profile" name="test_identity_architecture" time="0.003" /><testcase classname="tests.test_auth_identity_profile" name="test_avatar_svg_and_initials" time="0.001" /><testcase classname="tests.test_auth_identity_profile" name="test_password_reset_flow" time="0.301" /><testcase classname="tests.test_auth_identity_profile" name="test_register_requires_terms_and_sets_username" time="0.338" /><testcase classname="tests.test_auth_identity_profile" name="test_login_template_has_mfa_and_oauth_and_forgot" time="0.001" /><testcase classname="tests.test_auth_identity_profile" name="test_oauth_state_roundtrip" time="0.124" /><testcase classname="tests.test_auto_keys" name="test_parse_keys_file_skips_comments_and_blanks" time="0.001" /><testcase classname="tests.test_auto_keys" name="test_payload_from_env_file" time="0.001" /><testcase classname="tests.test_b2b_websocket_lifecycle" name="test_hub_start_is_async" time="0.001" /><testcase classname="tests.test_b2b_websocket_lifecycle" name="test_start_b2b_websocket_hub_is_awaitable" time="0.001" /><testcase classname="tests.test_b2b_websocket_lifecycle" name="test_start_b2b_websocket_hub_disabled_is_noop" time="0.001" /><testcase classname="tests.test_b2b_websocket_lifecycle" name="test_web_microservice_startup_path_sets_b2b_flag" time="0.010" /><testcase classname="tests.test_b2b_websocket_lifecycle" name="test_dashboard_web_boot_does_not_log_await_none" time="0.007" /><testcase classname="tests.test_batch03_underlying_closure" name="test_214_build_whale_narrative_71_underlying" time="0.001" /><testcase classname="tests.test_batch03_underlying_closure" name="test_224_coinmarketcal_status_245_underlying" time="0.001" /><testcase classname="tests.test_batch03_underlying_closure" name="test_245_smb_institution_status_83_underlying" time="0.001" /><testcase classname="tests.test_batch03_underlying_closure" name="test_279_build_share_card_68_underlying" time="0.001" /><testcase classname="tests.test_batch03_underlying_closure" name="test_299_classify_headlines_underlying" time="0.001" /><testcase classname="tests.test_batch03_underlying_closure" name="test_288_compute_mindshare_correlation_underlying" time="0.001" /><testcase classname="tests.test_batch04_underlying_closure" name="test_330_simulate_spot_trade_underlying" time="0.647" /><testcase classname="tests.test_batch04_underlying_closure" name="test_339_apply_opportunity_filter_underlying" time="0.001" /><testcase classname="tests.test_batch04_underlying_closure" name="test_356_ingest_cointelegraph_rss_underlying" time="0.001" /><testcase classname="tests.test_batch04_underlying_closure" name="test_382_heroes_quality_manifest_underlying" time="0.001" /><testcase classname="tests.test_batch04_underlying_closure" name="test_331_etf_reference_rates_inav_underlying" time="0.001" /><testcase classname="tests.test_batch04_underlying_closure" name="test_363_tokenized_asset_coverage_underlying" time="0.001" /><testcase classname="tests.test_batch04_underlying_closure" name="test_379_analyze_liquidity_capacity_underlying" time="0.001" /><testcase classname="tests.test_batch04_underlying_closure" name="test_390_build_exchange_health_underlying" time="0.001" /><testcase classname="tests.test_batch04_underlying_closure" name="test_316_sse_digest_status_underlying" time="5.765" /><testcase classname="tests.test_batch07_full_path_entitlement" name="test_full_path_allow_via_cap646_runtime[301]" time="0.008" /><testcase classname="tests.test_batch07_full_path_entitlement" name="test_full_path_allow_via_cap646_runtime[302]" time="0.005" /><testcase classname="tests.test_batch07_full_path_entitlement" name="test_full_path_allow_via_cap646_runtime[303]" time="0.005" /><testcase classname="tests.test_batch07_full_path_entitlement" name="test_full_path_allow_via_cap646_runtime[304]" time="0.005" /><testcase classname="tests.test_batch07_full_path_entitlement" name="test_full_path_allow_via_cap646_runtime[305]" time="0.004" /><testcase classname="tests.test_batch07_full_path_entitlement" name="test_full_path_allow_via_cap646_runtime[306]" time="0.005" /><testcase classname="tests.test_batch07_full_path_entitlement" name="test_full_path_allow_via_cap646_runtime[307]" time="0.019" /><testcase classname="tests.test_batch07_full_path_entitlement" name="test_full_path_allow_via_cap646_runtime[308]" time="0.007" /><testcase classname="tests.test_batch07_full_path_entitlement" name="test_full_path_allow_via_cap646_runtime[309]" time="0.004" /><testcase classname="tests.test_batch07_full_path_entitlement" name="test_full_path_allow_via_cap646_runtime[310]" time="0.005" /><testcase classname="tests.test_batch07_full_path_entitlement" name="test_full_path_allow_via_cap646_runtime[311]" time="0.120" /><testcase classname="tests.test_batch07_full_path_entitlement" name="test_full_path_allow_via_cap646_runtime[312]" time="0.005" /><testcase classname="tests.test_batch07_full_path_entitlement" name="test_full_path_allow_via_cap646_runtime[313]" time="0.007" /><testcase classname="tests.test_batch07_full_path_entitlement" name="test_full_path_allow_via_cap646_runtime[314]" time="0.004" /><testcase classname="tests.test_batch07_full_path_entitlement" name="test_full_path_allow_via_cap646_runtime[315]" time="0.004" /><testcase classname="tests.test_batch07_full_path_entitlement" name="test_full_path_allow_via_cap646_runtime[316]" time="2.378" /><testcase classname="tests.test_batch07_full_path_entitlement" name="test_full_path_allow_via_cap646_runtime[317]" time="0.006" /><testcase classname="tests.test_batch07_full_path_entitlement" name="test_full_path_allow_via_cap646_runtime[318]" time="0.006" /><testcase classname="tests.test_batch07_full_path_entitlement" name="test_full_path_allow_via_cap646_runtime[319]" time="0.004" /><testcase classname="tests.test_batch07_full_path_entitlement" name="test_full_path_allow_via_cap646_runtime[320]" time="0.005" /><testcase classname="tests.test_batch07_full_path_entitlement" name="test_full_path_allow_via_cap646_runtime[321]" time="0.005" /><testcase classname="tests.test_batch07_full_path_entitlement" name="test_full_path_allow_via_cap646_runtime[322]" time="0.004" /><testcase classname="tests.test_batch07_full_path_entitlement" name="test_full_path_allow_via_cap646_runtime[323]" time="0.004" /><testcase classname="tests.test_batch07_full_path_entitlement" name="test_full_path_allow_via_cap646_runtime[324]" time="0.004" /><testcase classname="tests.test_batch07_full_path_entitlement" name="test_full_path_allow_via_cap646_runtime[325]" time="0.004" /><testcase classname="tests.test_batch07_full_path_entitlement" name="test_full_path_allow_via_cap646_runtime[326]" time="0.005" /><testcase classname="tests.test_batch07_full_path_entitlement" name="test_full_path_allow_via_cap646_runtime[327]" time="0.005" /><testcase classname="tests.test_batch07_full_path_entitlement" name="test_full_path_allow_via_cap646_runtime[
[...]
enrich_adds_capability_metadata" time="0.001" /><testcase classname="tests.test_sonar_project_version_baseline" name="test_sonar_project_version_file_matches_properties" time="0.001" /><testcase classname="tests.test_sonar_project_version_baseline" name="test_sonar_workflow_passes_project_version" time="0.001" /><testcase classname="tests.test_sonar_template_js_parse_hygiene" name="test_coin_detail_js_module_exists_and_is_plain_js" time="0.001" /><testcase classname="tests.test_sonar_template_js_parse_hygiene" name="test_bd_i18n_js_module_exists_and_is_plain_js" time="0.001" /><testcase classname="tests.test_sonar_template_js_parse_hygiene" name="test_coin_html_has_no_executable_inline_js_with_jinja" time="0.001" /><testcase classname="tests.test_sonar_template_js_parse_hygiene" name="test_lang_switcher_boots_via_json_not_jinja_in_js" time="0.001" /><testcase classname="tests.test_sonar_template_js_parse_hygiene" name="test_templates_executable_scripts_have_no_jinja_tokens" time="0.021" /><testcase classname="tests.test_spine_database" name="test_init_db_idempotent" time="0.144" /><testcase classname="tests.test_spine_database" name="test_database_ddl_ssot_semantics" time="0.161" /><testcase classname="tests.test_spine_database" name="test_deserialize_payload_json_rows" time="0.229" /><testcase classname="tests.test_spine_database" name="test_insert_and_fetch_pricing_log" time="0.196" /><testcase classname="tests.test_spine_database" name="test_insert_order_book_and_fetch_latest" time="0.120" /><testcase classname="tests.test_spine_database" name="test_insert_order_books_batch" time="0.106" /><testcase classname="tests.test_spine_database" name="test_insert_funding_rate" time="0.138" /><testcase classname="tests.test_spine_database" name="test_insert_evaluated_opportunity" time="0.122" /><testcase classname="tests.test_spine_database" name="test_institutional_flows_and_feed" time="0.137" /><testcase classname="tests.test_spine_database" name="test_whale_alert_flow" time="0.110" /><testcase classname="tests.test_spine_database" name="test_compaction_and_archival" time="0.142" /><testcase classname="tests.test_spine_database" name="test_delete_archived_rows" time="0.156" /><testcase classname="tests.test_spine_database" name="test_batch_pricing_logs_insert" time="0.118" /><testcase classname="tests.test_spine_database" name="test_create_user_roundtrip" time="0.146" /><testcase classname="tests.test_spine_database" name="test_cloud_sync_log" time="0.171" /><testcase classname="tests.test_spine_database" name="test_market_sentiment_logs" time="0.221" /><testcase classname="tests.test_spine_database" name="test_macro_market_log" time="0.164" /><testcase classname="tests.test_spine_database" name="test_waitlist_and_subscriptions" time="0.223" /><testcase classname="tests.test_spine_database" name="test_oracle_predictions" time="0.257" /><testcase classname="tests.test_spine_database" name="test_ml_model_runs" time="0.145" /><testcase classname="tests.test_spine_database" name="test_arbitrage_and_simulation_logs" time="0.247" /><testcase classname="tests.test_spine_database" name="test_alert_subscriptions_and_delivery" time="0.225" /><testcase classname="tests.test_spine_database" name="test_execution_state_and_logs" time="0.190" /><testcase classname="tests.test_spine_database" name="test_risk_freeze_and_user_risk" time="0.195" /><testcase classname="tests.test_spine_database" name="test_platform_analytics_and_behavior" time="0.140" /><testcase classname="tests.test_spine_database" name="test_journal_entries" time="0.212" /><testcase classname="tests.test_spine_database" name="test_sentiment_delete_archival" time="0.220" /><testcase classname="tests.test_spine_database" name="test_institutional_flows_batch" time="0.163" /><testcase classname="tests.test_spine_database_auth" name="test_billing_subscription_lifecycle" time="0.201" /><testcase classname="tests.test_spine_database_auth" name="test_user_profile_and_sessions" time="0.149" /><testcase classname="tests.test_spine_database_auth" name="test_auth_tokens_and_oauth_state" time="0.111" /><testcase classname="tests.test_spine_database_auth" name="test_institutional_inquiry_and_telegram" time="0.150" /><testcase classname="tests.test_spine_database_auth" name="test_platform_user_stats_and_stripe_lookup" time="0.165" /><testcase classname="tests.test_spine_database_auth" name="test_mfa_lifecycle" time="0.141" /><testcase classname="tests.test_spine_database_auth" name="test_erase_user_personal_data" time="0.143" /><testcase classname="tests.test_spine_database_auth" name="test_oauth_user_flow" time="0.209" /><testcase classname="tests.test_spine_database_auth" name="test_oracle_usage_counters" time="0.139" /><testcase classname="tests.test_sql_safety" name="test_require_sql_ident_accepts_safe" time="0.001" /><testcase classname="tests.test_sql_safety" name="test_require_sql_ident_rejects_injection" time="0.001" /><testcase classname="tests.test_sql_safety" name="test_require_sqlite_table_allowlist" time="0.001" /><testcase classname="tests.test_sql_safety" name="test_table_count_and_delete_catalogs" time="0.001" /><testcase classname="tests.test_sql_safety" name="test_platform_metric_increment_sql" time="0.001" /><testcase classname="tests.test_sql_safety" name="test_user_profile_update_and_oracle_constants" time="0.001" /><testcase classname="tests.test_strategic_correction" name="test_four_layers_and_expanded_denylist" time="0.001" /><testcase classname="tests.test_strategic_correction" name="test_intent_router_maps_to_heroes_only" time="0.001" /><testcase classname="tests.test_strategic_correction" name="test_binding_doc_and_ui_wire" time="0.001" /><testcase classname="tests.test_strategic_correction" name="test_heroes_router_exposes_correction_endpoints" time="0.001" /><testcase classname="tests.test_strategic_correction" name="test_no_guaranteed_accuracy_in_denylist_truth" time="0.001" /><testcase classname="tests.test_subscription_dialect_safety" name="test_fetch_active_subscription_sql_has_no_sqlite_datetime" time="0.002" /><testcase classname="tests.test_subscription_dialect_safety" name="test_universe_rollout_sql_has_no_sqlite_datetime" time="0.001" /><testcase classname="tests.test_subscription_dialect_safety" name="test_past_due_grace_floor_works_on_sqlite" time="0.139" /><testcase classname="tests.test_subscription_dialect_safety" name="test_close_pool_tolerates_closed_event_loop" time="0.001" /><testcase classname="tests.test_technical_due_diligence" name="test_gdpr_status" time="0.002" /><testcase classname="tests.test_technical_due_diligence" name="test_gdpr_export_unknown_user" time="0.002" /><testcase classname="tests.test_technical_due_diligence" name="test_gdpr_erase_requires_confirm" time="0.001" /><testcase classname="tests.test_technical_due_diligence" name="test_technical_dd_report_structure" time="2.415" /><testcase classname="tests.test_technical_due_diligence" name="test_sanitize_oracle_strips_internal_verdict" time="0.001" /><testcase classname="tests.test_track_record_backfill" name="test_backfill_from_database_mock" time="0.010" /><testcase classname="tests.test_track_record_backfill" name="test_backfill_refuses_broken_ambient_chain" time="0.003" /><testcase classname="tests.test_trust_os_design_system" name="test_design_system_css_and_doc" time="0.001" /><testcase classname="tests.test_trust_os_design_system" name="test_templates_link_design_system" time="0.001" /><testcase classname="tests.test_trust_os_design_system" name="test_landing_rejects_inter_purple_and_keeps_pricing_canon" time="0.012" /><testcase classname="tests.test_trust_os_design_system" name="test_trust_os_manifest_includes_design_system" time="0.001" /><testcase classname="tests.test_trust_os_execution" name="test_trust_os_four_layers_and_denylist" time="0.001" /><testcase classname="tests.test_trust_os_execution" name="test_oracle_scenarios_sum_near_100" time="0.003" /><testcase classname="tests.test_trust_os_execution" name="test_glass_box_event_template" time="0.001" /><testcase classname="tests.test_trust_os_execution" name="test_risk_status_honest_scope" time="0.001" /><testcase classname="tests.test_trust_os_execution" name="test_docs_and_ui_wire_trust_os" time="0.001" /><testcase classname="tests.test_trust_os_execution" name="test_alerts_generosity_honesty" time="0.001" /><testcase classname="tests.test_trust_os_lenses_ux" name="test_lenses_manifest_story" time="0.001" /><testcase classname="tests.test_trust_os_lenses_ux" name="test_audience_maps_to_lens" time="0.001" /><testcase classname="tests.test_trust_os_lenses_ux" name="test_intent_router_primary_four" time="0.001" /><testcase classname="tests.test_trust_os_lenses_ux" name="test_trust_os_manifest_includes_lenses" time="0.001" /><testcase classname="tests.test_trust_os_lenses_ux" name="test_dashboard_and_landing_wire_lenses" time="0.001" /><testcase classname="tests.test_trust_pulse" name="test_trust_pulse_manifest" time="0.001" /><testcase classname="tests.test_trust_pulse" name="test_norm_action_and_freshness" time="0.001" /><testcase classname="tests.test_trust_pulse" name="test_shape_pulse_includes_proof_and_ledger" time="0.035" /><testcase classname="tests.test_trust_pulse" name="test_continuity_pro_vs_free" time="0.067" /><testcase classname="tests.test_trust_pulse" name="test_routes_and_templates_wire" time="0.001" /><testcase classname="tests.test_trust_pulse" name="test_sse_generator_emits_connected" time="0.001" /><testcase classname="tests.test_unique_differentiators" name="test_net_edge_truth_rejects_stale_thin_edge" time="0.001" /><testcase classname="tests.test_unique_differentiators" name="test_net_edge_truth_passes_fresh_executable" time="0.001" /><testcase classname="tests.test_unique_differentiators" name="test_opportunity_half_life_model" time="0.001" /><testcase classname="tests.test_unique_differentiators" name="test_signal_registry_roundtrip" time="0.024" /><testcase classname="tests.test_unique_differentiators" name="test_persona_clarity_all_segments" time="0.001" /><testcase classname="tests.test_unique_differentiators" name="test_evaluate_opportunity_attaches_differentiators" time="4.276" /><testcase classname="tests.test_unique_differentiators" name="test_acquirer_evidence_pack_shape" time="0.458" /><testcase classname="tests.test_universe_rollout" name="test_activate_full_universe_writes_manifest" time="0.004" /><testcase classname="tests.test_universe_rollout" name="test_live_rollout_status_uses_dialect_safe_cutoff" time="0.002" /><testcase classname="tests.test_universe_rollout" name="test_rollout_summary_json" time="0.001" /><testcase classname="tests.test_viral_capacity" name="test_rate_limit_trips_in_memory" time="0.001" /><testcase classname="tests.test_viral_capacity" name="test_inflight_shed" time="0.001" /><testcase classname="tests.test_viral_capacity" name="test_quick_cache_roundtrip" time="0.001" /><testcase classname="tests.test_viral_capacity" name="test_viral_readiness_honesty" time="0.001" /><testcase classname="tests.test_viral_capacity" name="test_effective_parallelism_replicas" time="0.001" /><testcase classname="tests.test_viral_capacity" name="test_scale_report_links_viral" time="0.001" /><testcase classname="tests.test_viral_capacity" name="test_production_guard_viral_ha_requires_redis" time="0.001" /><testcase classname="tests.test_viral_capacity" name="test_run_service_honors_web_concurrency" time="0.001" /><testcase classname="tests.test_viral_capacity" name="test_viral_readiness_route" time="0.025" /><testcase classname="tests.test_viral_capacity" name="test_health_viral_route" time="0.004" /><testcase classname="tests.test_viral_capacity" name="test_health_not_rate_limited_under_burst" time="0.066" /><testcase classname="tests.test_viral_capacity" name="test_redis_negative_cache_avoids_repeat_connect_penalty" time="0.036" /><testcase classname="tests.test_visible_chrome_critical_surfaces" name="test_landing_utility_chrome_outside_collapsible_nav_links" time="0.001" /><testcase classname="tests.test_visible_chrome_critical_surfaces" name="test_top_utility_has_lang_login_signup_pricing" time="0.001" /><testcase classname="tests.test_visible_chrome_critical_surfaces" name="test_lang_switcher_lists_twenty_five_locales" time="0.001" /><testcase classname="tests.test_visible_chrome_critical_surfaces" name="test_login_has_register_tab_and_top_chrome" time="0.001" /><testcase classname="tests.test_visible_chrome_critical_surfaces" name="test_profile_has_lang_billing_and_signup_gate" time="0.001" /><testcase classname="tests.test_visible_chrome_critical_surfaces" name="test_dashboard_and_accuracy_include_top_utility" time="0.001" /><testcase classname="tests.test_visible_chrome_critical_surfaces" name="test_pricing_ladder_visible_on_landing" time="0.001" /><testcase classname="tests.test_wave_00_hardening" name="test_wave_00_status_endpoint" time="0.129" /><testcase classname="tests.test_wave_00_hardening" name="test_response_timing_headers" time="0.171" /><testcase classname="tests.test_wave_00_hardening" name="test_verify_cache_control" time="0.166" /><testcase classname="tests.test_wave_00_hardening" name="test_institutional_write_body_too_large" time="0.161" /><testcase classname="tests.test_wave_00_hardening" name="test_corp_header_present" time="0.001" /><testcase classname="tests.test_wave_00_hardening" name="test_viral_path_class_audit_export" time="0.001" /><testcase classname="tests.test_wave_00_hardening" name="test_viral_path_class_institutional_write_post_only" time="0.001" /><testcase classname="tests.test_wave_01_data_engine" name="test_parse_binance_klines" time="0.001" /><testcase classname="tests.test_wave_01_data_engine" name="test_parse_funding" time="0.001" /><testcase classname="tests.test_wave_01_data_engine" name="test_parse_coingecko_ohlc" time="0.001" /><testcase classname="tests.test_wave_01_data_engine" name="test_parse_kraken_ohlc" time="0.003" /><testcase classname="tests.test_wave_01_data_engine" name="test_data_api_requires_postgres" time="0.153" /><testcase classname="tests.test_wave_01_data_engine" name="test_count_ohlcv_rows" time="0.002" /><testcase classname="tests.test_wave_01_data_engine" name="test_ensure_data_engine_ready_skips_bootstrap_when_rows_exist" time="0.026" /><testcase classname="tests.test_wave_01_institutional" name="test_dataset_response_live" time="0.001" /><testcase classname="tests.test_wave_01_institutional" name="test_dataset_response_missing_d01" time="0.001" /><testcase classname="tests.test_wave_01_institutional" name="test_wave_01_institutional_status_shape" time="0.001" /><testcase classname="tests.test_wave_01_systems" name="test_kraken_parse_ohlc_1m" time="0.001" /><testcase classname="tests.test_wave_01_systems" name="test_backfill_falls_back_to_kraken" time="0.003" /><testcase classname="tests.test_wave_01_systems" name="test_kraken_backfill_pagination_logic" time="0.001" /><testcase classname="tests.test_wave_01_systems" name="test_sealed_prediction_hash_stable" time="0.001" /><testcase classname="tests.test_wave_01_systems" name="test_systems_index_structure" time="0.001" /><testcase classname="tests.test_whales_institutional_batch77_86" name="test_77_advanced_risk" time="0.002" /><testcase classname="tests.test_whales_institutional_batch77_86" name="test_78_execution_rejected" time="0.001" /><testcase classname="tests.test_whales_institutional_batch77_86" name="test_79_surveillance" time="0.002" /><testcase classname="tests.test_whales_institutional_batch77_86" name="test_80_exchange_health" time="0.002" /><testcase classname="tests.test_whales_institutional_batch77_86" name="test_81_unified_portfolio" time="0.002" /><testcase classname="tests.test_whales_institutional_batch77_86" name="test_82_liquidation_alert" time="0.002" /><testcase classname="tests.test_whales_institutional_batch77_86" name="test_83_deferred" time="0.001" /><testcase classname="tests.test_whales_institutional_batch77_86" name="test_84_performance_ledger" time="0.002" /><testcase classname="tests.test_whales_institutional_batch77_86" name="test_85_openapi" time="0.001" /><testcase classname="tests.test_whales_institutional_batch77_86" name="test_86_methodology" time="0.002" /><testcase classname="tests.test_whales_institutional_batch77_86" name="test_portfolio_attach" time="0.003" /><testcase classname="tests.test_whales_institutional_batch77_86" name="test_whales_e2e" time="0.003" /><testcase classname="tests.test_wow_unique_surfaces" name="test_kill_rate_board_shape" time="0.003" /><testcase classname="tests.test_wow_unique_surfaces" name="test_contradiction_replay_clip" time="0.001" /><testcase classname="tests.test_wow_unique_surfaces" name="test_half_life_heat_clock" time="0.001" /><testcase classname="tests.test_wow_unique_surfaces" name="test_proof_arena_pick_and_week" time="0.178" /><testcase classname="tests.test_wow_unique_surfaces" name="test_committee_pdf_bytes" time="0.001" /><testcase classname="tests.test_wow_unique_surfaces" name="test_glass_box_announce_schedule_product_complete" time="0.001" /><testcase classname="tests.test_wow_unique_surfaces" name="test_router_and_template_wiring" time="0.001" /><testcase classname="tests.test_wow_unique_surfaces" name="test_browser_extension_present" time="0.001" /><testcase classname="tests.test_wow_unique_surfaces" name="test_whatsapp_cloud_helpers" time="0.001" /><testcase classname="tests.test_wow_unique_surfaces" name="test_since_you_left_top3" time="0.168" /><testcase classname="tests.test_wow_unique_surfaces" name="test_anti_hype_mode" time="0.003" /><testcase classname="tests.test_wow_unique_surfaces" name="test_corpus_passport" time="0.089" /><testcase classname="tests.test_wow_unique_surfaces" name="test_tier_unique_and_wow_eight" time="0.001" /><testcase classname="tests.test_xss_sink_hardening" name="test_shared_escape_helper_exists" time="0.001" /><testcase classname="tests.test_xss_sink_hardening" name="test_templates_never_set_localstorage_bd_token" time="0.002" /><testcase classname="tests.test_xss_sink_hardening" name="test_dashboard_and_platform_expose_escape_helpers" time="0.001" /><testcase classname="tests.test_xss_sink_hardening" name="test_representative_sinks_escape_conflict_upgrade_api_fields" time="0.001" /><testcase classname="tests.test_xss_sink_hardening" name="test_optional_dangerous_unescaped_innerhtml_pattern_scan" time="0.002" /><testcase classname="tests.test_xss_sink_hardening" name="test_net_edge_truth_rejects_unknown_withdrawal" time="0.001" /><testcase classname="tests.test_xss_sink_hardening" name="test_cex_dex_fee_matrix_authority_not_default_taker" time="0.001" /><testcase classname="tests.test_xss_sink_hardening" name="test_admin_templates_escape_or_dom_text" time="0.001" /><testcase classname="tests.test_xss_sink_hardening" name="test_platform_no_gatedhtml_passthrough" time="0.001" /><testcase classname="tests.test_xss_sink_hardening" name="test_csp_nonce_mode_scaffold" time="0.001" /><testcase classname="tests.test_xss_sink_hardening" name="test_discipline_mirror_uses_dom_only_rows" time="0.001" /><testcase classname="tests.test_xss_sink_hardening" name="test_templates_prefer_data_bd_over_inline_handlers" time="0.009" /><testcase classname="tests.test_xss_sink_hardening" name="test_safeurl_href_interpolations_are_escaped" time="0.001" /><testcase classname="tests.test_xss_sink_hardening" name="test_fee_matrix_unknown_venue_none" time="0.001" /><testcase classname="tests.test_xss_sink_hardening" name="test_net_edge_rejects_missing_net_and_slip" time="0.001" /><testcase classname="tests.test_zero_tolerance" name="test_gates_unit" time="0.001" /><testcase classname="tests.test_zero_tolerance" name="test_closure_complete" time="0.001" /><testcase classname="tests.test_zero_tolerance" name="test_wiring" time="0.001" /><testcase classname="tests.test_zero_tolerance" name="test_http_surfaces" time="0.083" /></testsuite></testsuites>