============================= test session starts ==============================
platform linux -- Python 3.12.3, pytest-9.1.1, pluggy-1.6.0 -- /workspace/.venv/bin/python3
cachedir: .pytest_cache
rootdir: /workspace
configfile: pytest.ini
plugins: anyio-4.14.2, asyncio-1.4.0, cov-7.1.0, xdist-3.8.0, timeout-2.4.0
asyncio: mode=Mode.AUTO, debug=False, asyncio_default_fixture_loop_scope=None, asyncio_default_test_loop_scope=function
collecting ... collected 230 items

tests/test_hero_batch01_underlying_closure.py::test_629_compliant_oracle_sentence_neutral_live PASSED [  0%]
tests/test_hero_batch01_underlying_closure.py::test_629_compliant_oracle_sentence_sanitizes_buy_now PASSED [  0%]
tests/test_hero_batch01_underlying_closure.py::test_629_live_execute_capability PASSED [  1%]
tests/test_hero_batch01_underlying_closure.py::test_2_simulate_spot_trade_underlying PASSED [  1%]
tests/test_hero_batch01_underlying_closure.py::test_330_simulate_spot_trade_underlying PASSED [  2%]
tests/test_hero_batch01_underlying_closure.py::test_10_engine_stats_underlying PASSED [  2%]
tests/test_hero_batch01_underlying_closure.py::test_13_evaluate_flexible_alert_75_underlying PASSED [  3%]
tests/test_hero_batch01_underlying_closure.py::test_27_evaluate_flexible_alert_75_free_limit PASSED [  3%]
tests/test_hero_batch01_underlying_closure.py::test_30_evaluate_flexible_alert_75_trigger PASSED [  3%]
tests/test_hero_batch01_underlying_closure.py::test_37_evaluate_flexible_alert_75_policy PASSED [  4%]
tests/test_hero_batch01_underlying_closure.py::test_14_whale_alert_message_underlying PASSED [  4%]
tests/test_hero_batch01_underlying_closure.py::test_17_subscribe_alerts_underlying PASSED [  5%]
tests/test_hero_batch01_underlying_closure.py::test_18_alert_orchestration_status_underlying PASSED [  5%]
tests/test_hero_batch01_underlying_closure.py::test_21_alert_orchestration_channels_underlying PASSED [  6%]
tests/test_hero_batch01_underlying_closure.py::test_49_flash_crash_protection_status_underlying PASSED [  6%]
tests/test_hero_batch01_underlying_closure.py::test_55_build_full_due_diligence_bundle_underlying PASSED [  6%]
tests/test_hero_batch01_underlying_closure.py::test_56_attach_market_health_bundle_underlying PASSED [  7%]
tests/test_hero_batch01_underlying_closure.py::test_299_classify_headlines_underlying PASSED [  7%]
tests/test_hero_batch01_underlying_closure.py::test_437_compute_mindshare_correlation_288_underlying PASSED [  8%]
tests/test_hero_batch01_underlying_closure.py::test_584_coindesk_feed_underlying PASSED [  8%]
tests/test_hero_batch_01_capabilities.py::test_hero_batch_capability_executes[638] PASSED [  9%]
tests/test_hero_batch_01_capabilities.py::test_hero_batch_capability_executes[640] PASSED [  9%]
tests/test_hero_batch_01_capabilities.py::test_hero_batch_capability_executes[5] PASSED [ 10%]
tests/test_hero_batch_01_capabilities.py::test_hero_batch_capability_executes[641] PASSED [ 10%]
tests/test_hero_batch_01_capabilities.py::test_hero_batch_capability_executes[644] PASSED [ 10%]
tests/test_hero_batch_01_capabilities.py::test_hero_batch_capability_executes[33] PASSED [ 11%]
tests/test_hero_batch_01_capabilities.py::test_hero_batch_capability_executes[111] PASSED [ 11%]
tests/test_hero_batch_01_capabilities.py::test_hero_batch_capability_executes[1] PASSED [ 12%]
tests/test_hero_batch_01_capabilities.py::test_hero_batch_capability_executes[2] PASSED [ 12%]
tests/test_hero_batch_01_capabilities.py::test_hero_batch_capability_executes[3] PASSED [ 13%]
tests/test_hero_batch_01_capabilities.py::test_hero_batch_capability_executes[4] PASSED [ 13%]
tests/test_hero_batch_01_capabilities.py::test_hero_batch_capability_executes[14] PASSED [ 13%]
tests/test_hero_batch_01_capabilities.py::test_hero_batch_capability_executes[44] PASSED [ 14%]
tests/test_hero_batch_01_capabilities.py::test_hero_batch_capability_executes[47] PASSED [ 14%]
tests/test_hero_batch_01_capabilities.py::test_hero_batch_capability_executes[60] PASSED [ 15%]
tests/test_hero_batch_01_capabilities.py::test_hero_batch_capability_executes[63] PASSED [ 15%]
tests/test_hero_batch_01_capabilities.py::test_hero_batch_capability_executes[86] PASSED [ 16%]
tests/test_hero_batch_01_capabilities.py::test_hero_batch_capability_executes[103] PASSED [ 16%]
tests/test_hero_batch_01_capabilities.py::test_hero_batch_capability_executes[126] PASSED [ 16%]
tests/test_hero_batch_01_capabilities.py::test_hero_batch_capability_executes[330] PASSED [ 17%]
tests/test_hero_batch_01_capabilities.py::test_hero_batch_capability_executes[356] PASSED [ 17%]
tests/test_hero_batch_01_capabilities.py::test_hero_batch_capability_executes[637] PASSED [ 18%]
tests/test_hero_batch_01_capabilities.py::test_hero_batch_capability_executes[639] PASSED [ 18%]
tests/test_hero_batch_01_capabilities.py::test_hero_batch_capability_executes[642] PASSED [ 19%]
tests/test_hero_batch_01_capabilities.py::test_hero_batch_capability_executes[6] PASSED [ 19%]
tests/test_hero_batch_01_capabilities.py::test_hero_batch_capability_executes[73] PASSED [ 20%]
tests/test_hero_batch_01_capabilities.py::test_hero_batch_capability_executes[164] PASSED [ 20%]
tests/test_hero_batch_01_capabilities.py::test_hero_batch_capability_executes[183] PASSED [ 20%]
tests/test_hero_batch_01_capabilities.py::test_hero_batch_capability_executes[197] PASSED [ 21%]
tests/test_hero_batch_01_capabilities.py::test_hero_batch_capability_executes[224] PASSED [ 21%]
tests/test_hero_batch_01_capabilities.py::test_hero_batch_capability_executes[279] PASSED [ 22%]
tests/test_hero_batch_01_capabilities.py::test_hero_batch_capability_executes[299] PASSED [ 22%]
tests/test_hero_batch_01_capabilities.py::test_hero_batch_capability_executes[339] PASSED [ 23%]
tests/test_hero_batch_01_capabilities.py::test_hero_batch_capability_executes[437] PASSED [ 23%]
tests/test_hero_batch_01_capabilities.py::test_hero_batch_capability_executes[441] PASSED [ 23%]
tests/test_hero_batch_01_capabilities.py::test_hero_batch_capability_executes[458] PASSED [ 24%]
tests/test_hero_batch_01_capabilities.py::test_hero_batch_capability_executes[525] PASSED [ 24%]
tests/test_hero_batch_01_capabilities.py::test_hero_batch_capability_executes[578] PASSED [ 25%]
tests/test_hero_batch_01_capabilities.py::test_hero_batch_capability_executes[584] PASSED [ 25%]
tests/test_hero_batch_01_capabilities.py::test_hero_batch_capability_executes[629] PASSED [ 26%]
tests/test_hero_batch_01_capabilities.py::test_hero_batch_capability_executes[631] PASSED [ 26%]
tests/test_hero_batch_01_capabilities.py::test_hero_batch_capability_executes[635] PASSED [ 26%]
tests/test_hero_batch_01_capabilities.py::test_hero_batch_capability_executes[645] PASSED [ 27%]
tests/test_hero_batch_01_capabilities.py::test_hero_batch_capability_executes[704] PASSED [ 27%]
tests/test_hero_batch_01_capabilities.py::test_hero_batch_capability_executes[708] PASSED [ 28%]
tests/test_hero_batch_01_capabilities.py::test_hero_batch_capability_executes[725] PASSED [ 28%]
tests/test_hero_batch_01_capabilities.py::test_hero_batch_capability_executes[7] PASSED [ 29%]
tests/test_hero_batch_01_capabilities.py::test_hero_batch_capability_executes[49] PASSED [ 29%]
tests/test_hero_batch_01_capabilities.py::test_hero_batch_capability_executes[50] PASSED [ 30%]
tests/test_hero_batch_01_capabilities.py::test_hero_batch_capability_executes[55] PASSED [ 30%]
tests/test_hero_batch_01_capabilities.py::test_hero_batch_capability_executes[62] PASSED [ 30%]
tests/test_hero_batch_01_capabilities.py::test_hero_batch_capability_executes[118] PASSED [ 31%]
tests/test_hero_batch_01_capabilities.py::test_hero_batch_capability_executes[214] PASSED [ 31%]
tests/test_hero_batch_01_capabilities.py::test_hero_batch_capability_executes[245] PASSED [ 32%]
tests/test_hero_batch_01_capabilities.py::test_hero_batch_capability_executes[382] PASSED [ 32%]
tests/test_hero_batch_01_capabilities.py::test_hero_batch_capability_executes[812] PASSED [ 33%]
tests/test_hero_batch_01_capabilities.py::test_hero_batch_capability_executes[814] PASSED [ 33%]
tests/test_hero_batch_01_capabilities.py::test_hero_batch_capability_executes[815] PASSED [ 33%]
tests/test_hero_batch_01_capabilities.py::test_hero_batch_capability_executes[9] PASSED [ 34%]
tests/test_hero_batch_01_capabilities.py::test_hero_batch_capability_executes[10] PASSED [ 34%]
tests/test_hero_batch_01_capabilities.py::test_hero_batch_capability_executes[11] PASSED [ 35%]
tests/test_hero_batch_01_capabilities.py::test_hero_batch_capability_executes[12] PASSED [ 35%]
tests/test_hero_batch_01_capabilities.py::test_hero_batch_capability_executes[13] PASSED [ 36%]
tests/test_hero_batch_01_capabilities.py::test_hero_batch_capability_executes[15] PASSED [ 36%]
tests/test_hero_batch_01_capabilities.py::test_hero_batch_capability_executes[17] PASSED [ 36%]
tests/test_hero_batch_01_capabilities.py::test_hero_batch_capability_executes[18] PASSED [ 37%]
tests/test_hero_batch_01_capabilities.py::test_hero_batch_capability_executes[19] PASSED [ 37%]
tests/test_hero_batch_01_capabilities.py::test_hero_batch_capability_executes[20] PASSED [ 38%]
tests/test_hero_batch_01_capabilities.py::test_hero_batch_capability_executes[21] PASSED [ 38%]
tests/test_hero_batch_01_capabilities.py::test_hero_batch_capability_executes[22] PASSED [ 39%]
tests/test_hero_batch_01_capabilities.py::test_hero_batch_capability_executes[25] PASSED [ 39%]
tests/test_hero_batch_01_capabilities.py::test_hero_batch_capability_executes[27] PASSED [ 40%]
tests/test_hero_batch_01_capabilities.py::test_hero_batch_capability_executes[28] PASSED [ 40%]
tests/test_hero_batch_01_capabilities.py::test_hero_batch_capability_executes[29] PASSED [ 40%]
tests/test_hero_batch_01_capabilities.py::test_hero_batch_capability_executes[30] PASSED [ 41%]
tests/test_hero_batch_01_capabilities.py::test_hero_batch_capability_executes[34] PASSED [ 41%]
tests/test_hero_batch_01_capabilities.py::test_hero_batch_capability_executes[36] PASSED [ 42%]
tests/test_hero_batch_01_capabilities.py::test_hero_batch_capability_executes[37] PASSED [ 42%]
tests/test_hero_batch_01_capabilities.py::test_hero_batch_capability_executes[40] PASSED [ 43%]
tests/test_hero_batch_01_capabilities.py::test_hero_batch_capability_executes[45] PASSED [ 43%]
tests/test_hero_batch_01_capabilities.py::test_hero_batch_capability_executes[46] PASSED [ 43%]
tests/test_hero_batch_01_capabilities.py::test_hero_batch_capability_executes[48] PASSED [ 44%]
tests/test_hero_batch_01_capabilities.py::test_hero_batch_capability_executes[56] PASSED [ 44%]
tests/test_hero_batch_01_capabilities.py::test_hero_batch_capability_executes[59] PASSED [ 45%]
tests/test_hero_batch_01_capabilities.py::test_hero_batch_capability_executes[69] PASSED [ 45%]
tests/test_hero_batch_01_capabilities.py::test_hero_batch_capability_executes[71] PASSED [ 46%]
tests/test_hero_batch_01_capabilities.py::test_hero_batch_capability_executes[72] PASSED [ 46%]
tests/test_hero_batch_01_capabilities.py::test_hero_batch_capability_executes[74] PASSED [ 46%]
tests/test_hero_batch_01_capabilities.py::test_hero_batch_capability_executes[75] PASSED [ 47%]
tests/test_hero_batch_01_capabilities.py::test_hero_batch_capability_executes[77] PASSED [ 47%]
tests/test_hero_batch_01_capabilities.py::test_hero_batch_capability_executes[79] PASSED [ 48%]
tests/test_hero_batch_01_capabilities.py::test_hero_batch_capability_executes[81] PASSED [ 48%]
tests/test_hero_batch_01_capabilities.py::test_hero_batch_capability_executes[85] PASSED [ 49%]
tests/test_hero_batch_01_capabilities.py::test_hero_batch_capability_executes[88] PASSED [ 49%]
tests/test_hero_batch_01_capabilities.py::test_hero_batch_capability_executes[91] PASSED [ 50%]
tests/test_hero_batch_01_capabilities.py::test_hero_batch_capability_executes[92] PASSED [ 50%]
tests/test_hero_batch_01_capabilities.py::test_hero_batch_capability_executes[96] PASSED [ 50%]
tests/test_hero_batch_01_capabilities.py::test_hero_batch_capability_executes[98] PASSED [ 51%]
tests/test_hero_batch_01_capabilities.py::test_hero_batch_capability_executes[106] PASSED [ 51%]
tests/test_hero_batch_01_capabilities.py::test_hero_batch_capability_executes[110] PASSED [ 52%]
tests/test_hero_batch_01_capabilities.py::test_six_heroes_surfaces[629] PASSED [ 52%]
tests/test_hero_batch_01_capabilities.py::test_six_heroes_surfaces[631] PASSED [ 53%]
tests/test_hero_batch_01_capabilities.py::test_six_heroes_surfaces[638] PASSED [ 53%]
tests/test_hero_batch_01_capabilities.py::test_six_heroes_surfaces[640] PASSED [ 53%]
tests/test_hero_batch_01_capabilities.py::test_six_heroes_surfaces[641] PASSED [ 54%]
tests/test_hero_batch_01_capabilities.py::test_six_heroes_surfaces[812] PASSED [ 54%]
tests/test_hero_batch_01_capabilities.py::test_six_heroes_surfaces[814] PASSED [ 55%]
tests/test_hero_batch_01_capabilities.py::test_six_heroes_surfaces[815] PASSED [ 55%]
tests/test_hero_batch_01_capabilities.py::test_hero_batch_manifest_has_100_ids PASSED [ 56%]
tests/test_hero_batch_02_capabilities.py::test_batch_02_capability_executes[101] PASSED [ 56%]
tests/test_hero_batch_02_capabilities.py::test_batch_02_capability_executes[102] PASSED [ 56%]
tests/test_hero_batch_02_capabilities.py::test_batch_02_capability_executes[103] PASSED [ 57%]
tests/test_hero_batch_02_capabilities.py::test_batch_02_capability_executes[104] PASSED [ 57%]
tests/test_hero_batch_02_capabilities.py::test_batch_02_capability_executes[105] PASSED [ 58%]
tests/test_hero_batch_02_capabilities.py::test_batch_02_capability_executes[106] PASSED [ 58%]
tests/test_hero_batch_02_capabilities.py::test_batch_02_capability_executes[107] PASSED [ 59%]
tests/test_hero_batch_02_capabilities.py::test_batch_02_capability_executes[108] PASSED [ 59%]
tests/test_hero_batch_02_capabilities.py::test_batch_02_capability_executes[109] PASSED [ 60%]
tests/test_hero_batch_02_capabilities.py::test_batch_02_capability_executes[110] PASSED [ 60%]
tests/test_hero_batch_02_capabilities.py::test_batch_02_capability_executes[111] PASSED [ 60%]
tests/test_hero_batch_02_capabilities.py::test_batch_02_capability_executes[112] PASSED [ 61%]
tests/test_hero_batch_02_capabilities.py::test_batch_02_capability_executes[113] PASSED [ 61%]
tests/test_hero_batch_02_capabilities.py::test_batch_02_capability_executes[114] PASSED [ 62%]
tests/test_hero_batch_02_capabilities.py::test_batch_02_capability_executes[115] PASSED [ 62%]
tests/test_hero_batch_02_capabilities.py::test_batch_02_capability_executes[116] PASSED [ 63%]
tests/test_hero_batch_02_capabilities.py::test_batch_02_capability_executes[117] PASSED [ 63%]
tests/test_hero_batch_02_capabilities.py::test_batch_02_capability_executes[118] PASSED [ 63%]
tests/test_hero_batch_02_capabilities.py::test_batch_02_capability_executes[119] PASSED [ 64%]
tests/test_hero_batch_02_capabilities.py::test_batch_02_capability_executes[120] PASSED [ 64%]
tests/test_hero_batch_02_capabilities.py::test_batch_02_capability_executes[121] PASSED [ 65%]
tests/test_hero_batch_02_capabilities.py::test_batch_02_capability_executes[122] PASSED [ 65%]
tests/test_hero_batch_02_capabilities.py::test_batch_02_capability_executes[123] PASSED [ 66%]
tests/test_hero_batch_02_capabilities.py::test_batch_02_capability_executes[124] PASSED [ 66%]
tests/test_hero_batch_02_capabilities.py::test_batch_02_capability_executes[125] PASSED [ 66%]
tests/test_hero_batch_02_capabilities.py::test_batch_02_capability_executes[126] PASSED [ 67%]
tests/test_hero_batch_02_capabilities.py::test_batch_02_capability_executes[127] PASSED [ 67%]
tests/test_hero_batch_02_capabilities.py::test_batch_02_capability_executes[128] PASSED [ 68%]
tests/test_hero_batch_02_capabilities.py::test_batch_02_capability_executes[129] PASSED [ 68%]
tests/test_hero_batch_02_capabilities.py::test_batch_02_capability_executes[130] PASSED [ 69%]
tests/test_hero_batch_02_capabilities.py::test_batch_02_capability_executes[131] PASSED [ 69%]
tests/test_hero_batch_02_capabilities.py::test_batch_02_capability_executes[132] PASSED [ 70%]
tests/test_hero_batch_02_capabilities.py::test_batch_02_capability_executes[133] PASSED [ 70%]
tests/test_hero_batch_02_capabilities.py::test_batch_02_capability_executes[134] PASSED [ 70%]
tests/test_hero_batch_02_capabilities.py::test_batch_02_capability_executes[135] PASSED [ 71%]
tests/test_hero_batch_02_capabilities.py::test_batch_02_capability_executes[136] PASSED [ 71%]
tests/test_hero_batch_02_capabilities.py::test_batch_02_capability_executes[137] PASSED [ 72%]
tests/test_hero_batch_02_capabilities.py::test_batch_02_capability_executes[138] PASSED [ 72%]
tests/test_hero_batch_02_capabilities.py::test_batch_02_capability_executes[139] PASSED [ 73%]
tests/test_hero_batch_02_capabilities.py::test_batch_02_capability_executes[140] PASSED [ 73%]
tests/test_hero_batch_02_capabilities.py::test_batch_02_capability_executes[141] PASSED [ 73%]
tests/test_hero_batch_02_capabilities.py::test_batch_02_capability_executes[142] PASSED [ 74%]
tests/test_hero_batch_02_capabilities.py::test_batch_02_capability_executes[143] PASSED [ 74%]
tests/test_hero_batch_02_capabilities.py::test_batch_02_capability_executes[144] PASSED [ 75%]
tests/test_hero_batch_02_capabilities.py::test_batch_02_capability_executes[145] PASSED [ 75%]
tests/test_hero_batch_02_capabilities.py::test_batch_02_capability_executes[146] PASSED [ 76%]
tests/test_hero_batch_02_capabilities.py::test_batch_02_capability_executes[147] PASSED [ 76%]
tests/test_hero_batch_02_capabilities.py::test_batch_02_capability_executes[148] PASSED [ 76%]
tests/test_hero_batch_02_capabilities.py::test_batch_02_capability_executes[149] PASSED [ 77%]
tests/test_hero_batch_02_capabilities.py::test_batch_02_capability_executes[150] PASSED [ 77%]
tests/test_hero_batch_02_capabilities.py::test_batch_02_capability_executes[151] PASSED [ 78%]
tests/test_hero_batch_02_capabilities.py::test_batch_02_capability_executes[152] PASSED [ 78%]
tests/test_hero_batch_02_capabilities.py::test_batch_02_capability_executes[153] PASSED [ 79%]
tests/test_hero_batch_02_capabilities.py::test_batch_02_capability_executes[154] PASSED [ 79%]
tests/test_hero_batch_02_capabilities.py::test_batch_02_capability_executes[155] PASSED [ 80%]
tests/test_hero_batch_02_capabilities.py::test_batch_02_capability_executes[156] PASSED [ 80%]
tests/test_hero_batch_02_capabilities.py::test_batch_02_capability_executes[157] PASSED [ 80%]
tests/test_hero_batch_02_capabilities.py::test_batch_02_capability_executes[158] PASSED [ 81%]
tests/test_hero_batch_02_capabilities.py::test_batch_02_capability_executes[159] PASSED [ 81%]
tests/test_hero_batch_02_capabilities.py::test_batch_02_capability_executes[160] PASSED [ 82%]
tests/test_hero_batch_02_capabilities.py::test_batch_02_capability_executes[161] PASSED [ 82%]
tests/test_hero_batch_02_capabilities.py::test_batch_02_capability_executes[162] PASSED [ 83%]
tests/test_hero_batch_02_capabilities.py::test_batch_02_capability_executes[163] PASSED [ 83%]
tests/test_hero_batch_02_capabilities.py::test_batch_02_capability_executes[164] PASSED [ 83%]
tests/test_hero_batch_02_capabilities.py::test_batch_02_capability_executes[165] PASSED [ 84%]
tests/test_hero_batch_02_capabilities.py::test_batch_02_capability_executes[166] PASSED [ 84%]
tests/test_hero_batch_02_capabilities.py::test_batch_02_capability_executes[167] PASSED [ 85%]
tests/test_hero_batch_02_capabilities.py::test_batch_02_capability_executes[168] PASSED [ 85%]
tests/test_hero_batch_02_capabilities.py::test_batch_02_capability_executes[169] PASSED [ 86%]
tests/test_hero_batch_02_capabilities.py::test_batch_02_capability_executes[170] PASSED [ 86%]
tests/test_hero_batch_02_capabilities.py::test_batch_02_capability_executes[171] PASSED [ 86%]
tests/test_hero_batch_02_capabilities.py::test_batch_02_capability_executes[172] PASSED [ 87%]
tests/test_hero_batch_02_capabilities.py::test_batch_02_capability_executes[173] PASSED [ 87%]
tests/test_hero_batch_02_capabilities.py::test_batch_02_capability_executes[174] PASSED [ 88%]
tests/test_hero_batch_02_capabilities.py::test_batch_02_capability_executes[175] PASSED [ 88%]
tests/test_hero_batch_02_capabilities.py::test_batch_02_capability_executes[176] PASSED [ 89%]
tests/test_hero_batch_02_capabilities.py::test_batch_02_capability_executes[177] PASSED [ 89%]
tests/test_hero_batch_02_capabilities.py::test_batch_02_capability_executes[178] PASSED [ 90%]
tests/test_hero_batch_02_capabilities.py::test_batch_02_capability_executes[179] PASSED [ 90%]
tests/test_hero_batch_02_capabilities.py::test_batch_02_capability_executes[180] PASSED [ 90%]
tests/test_hero_batch_02_capabilities.py::test_batch_02_capability_executes[181] PASSED [ 91%]
tests/test_hero_batch_02_capabilities.py::test_batch_02_capability_executes[182] PASSED [ 91%]
tests/test_hero_batch_02_capabilities.py::test_batch_02_capability_executes[183] PASSED [ 92%]
tests/test_hero_batch_02_capabilities.py::test_batch_02_capability_executes[184] PASSED [ 92%]
tests/test_hero_batch_02_capabilities.py::test_batch_02_capability_executes[185] PASSED [ 93%]
tests/test_hero_batch_02_capabilities.py::test_batch_02_capability_executes[186] PASSED [ 93%]
tests/test_hero_batch_02_capabilities.py::test_batch_02_capability_executes[187] PASSED [ 93%]
tests/test_hero_batch_02_capabilities.py::test_batch_02_capability_executes[188] PASSED [ 94%]
tests/test_hero_batch_02_capabilities.py::test_batch_02_capability_executes[189] PASSED [ 94%]
tests/test_hero_batch_02_capabilities.py::test_batch_02_capability_executes[190] PASSED [ 95%]
tests/test_hero_batch_02_capabilities.py::test_batch_02_capability_executes[191] PASSED [ 95%]
tests/test_hero_batch_02_capabilities.py::test_batch_02_capability_executes[192] PASSED [ 96%]
tests/test_hero_batch_02_capabilities.py::test_batch_02_capability_executes[193] PASSED [ 96%]
tests/test_hero_batch_02_capabilities.py::test_batch_02_capability_executes[194] PASSED [ 96%]
tests/test_hero_batch_02_capabilities.py::test_batch_02_capability_executes[195] PASSED [ 97%]
tests/test_hero_batch_02_capabilities.py::test_batch_02_capability_executes[196] PASSED [ 97%]
tests/test_hero_batch_02_capabilities.py::test_batch_02_capability_executes[197] PASSED [ 98%]
tests/test_hero_batch_02_capabilities.py::test_batch_02_capability_executes[198] PASSED [ 98%]
tests/test_hero_batch_02_capabilities.py::test_batch_02_capability_executes[199] PASSED [ 99%]
tests/test_hero_batch_02_capabilities.py::test_batch_02_capability_executes[200] PASSED [ 99%]
tests/test_hero_batch_02_capabilities.py::test_batch_02_manifest_count PASSED [100%]

=============================== warnings summary ===============================
tests/test_hero_batch_01_capabilities.py: 972 warnings
  /workspace/.venv/lib/python3.12/site-packages/joblib/numpy_pickle.py:207: DeprecationWarning: Setting the shape on a NumPy array has been deprecated in NumPy 2.5.
  As an alternative, you can create a new view using np.reshape (with copy=False if needed).
    array.shape = self.shape

-- Docs: https://docs.pytest.org/en/stable/how-to/capture-warnings.html
====================== 230 passed, 972 warnings in 9.76s =======================
